<?xml version="1.0" encoding="UTF-8" ?>
<testsuite tests="2" failures="1" name="com.pi.PyramidServiceTest" time="1.325" errors="0" skipped="0">
  <properties>
[...]
</properties>
  <testcase classname="com.pi.PyramidServiceTest" name="can_print" time="0.004"/>
  <testcase classname="com.pi.PyramidServiceTest" name="should_returns_24" time="1.249">
    <failure message="expected:&lt;24&gt; but was:&lt;8186&gt;" type="java.lang.AssertionError">java.lang.AssertionError: expected:&lt;24&gt; but was:&lt;8186&gt;
	at org.junit.Assert.fail(Assert.java:88)
	at org.junit.Assert.failNotEquals(Assert.java:834)
	at org.junit.Assert.assertEquals(Assert.java:645)
	at org.junit.Assert.assertEquals(Assert.java:631)
	at com.pi.PyramidServiceTest.should_returns_24(PyramidServiceTest.java:45)
	at sun.reflect.NativeMethodAccessorImpl.invoke0(Native Method)
	at sun.reflect.NativeMethodAccessorImpl.invoke(NativeMethodAccessorImpl.java:62)
	at sun.reflect.DelegatingMethodAccessorImpl.invoke(DelegatingMethodAccessorImpl.java:43)
	at java.lang.reflect.Method.invoke(Method.java:498)
	at org.junit.runners.model.FrameworkMethod$1.runReflectiveCall(FrameworkMethod.java:50)
	at org.junit.internal.runners.model.ReflectiveCallable.run(ReflectiveCallable.java:12)
	at org.junit.runners.model.FrameworkMethod.invokeExplosively(FrameworkMethod.java:47)
	at org.junit.internal.runners.statements.InvokeMethod.evaluate(InvokeMethod.java:17)
	at org.junit.internal.runners.statements.RunBefores.evaluate(RunBefores.java:26)
	at org.junit.internal.runners.statements.RunAfters.evaluate(RunAfters.java:27)
	at org.junit.runners.ParentRunner.runLeaf(ParentRunner.java:325)
	at org.junit.runners.BlockJUnit4ClassRunner.runChild(BlockJUnit4ClassRunner.java:78)
	at org.junit.runners.BlockJUnit4ClassRunner.runChild(BlockJUnit4ClassRunner.java:57)
	at org.junit.runners.ParentRunner$3.run(ParentRunner.java:290)
	at org.junit.runners.ParentRunner$1.schedule(ParentRunner.java:71)
	at org.junit.runners.ParentRunner.runChildren(ParentRunner.java:288)
	at org.junit.runners.ParentRunner.access$000(ParentRunner.java:58)
	at org.junit.runners.ParentRunner$2.evaluate(ParentRunner.java:268)
	at org.junit.runners.ParentRunner.run(ParentRunner.java:363)
	at org.apache.maven.surefire.junit4.JUnit4TestSet.execute(JUnit4TestSet.java:53)
	at org.apache.maven.surefire.junit4.JUnit4Provider.executeTestSet(JUnit4Provider.java:123)
	at org.apache.maven.surefire.junit4.JUnit4Provider.invoke(JUnit4Provider.java:104)
	at sun.reflect.NativeMethodAccessorImpl.invoke0(Native Method)
	at sun.reflect.NativeMethodAccessorImpl.invoke(NativeMethodAccessorImpl.java:62)
	at sun.reflect.DelegatingMethodAccessorImpl.invoke(DelegatingMethodAccessorImpl.java:43)
	at java.lang.reflect.Method.invoke(Method.java:498)
	at org.apache.maven.surefire.util.ReflectionUtils.invokeMethodWithArray(ReflectionUtils.java:164)
	at org.apache.maven.surefire.booter.ProviderFactory$ProviderProxy.invoke(ProviderFactory.java:110)
	at org.apache.maven.surefire.booter.SurefireStarter.invokeProvider(SurefireStarter.java:175)
	at org.apache.maven.surefire.booter.SurefireStarter.runSuitesInProcessWhenForked(SurefireStarter.java:107)
	at org.apache.maven.surefire.booter.ForkedBooter.main(ForkedBooter.java:68)
</failure>
    <system-out>215 -&gt;   Toplam : 215
215 -&gt;   Toplam : 215
215 -&gt;   Toplam : 215
215 -&gt;   Toplam : 215
215 -&gt;   Toplam : 215
215 -&gt;   Toplam : 215
215 -&gt;   Toplam : 215
215 -&gt;   Toplam : 215
215 -&gt;   Toplam : 215
215 -&gt;   Toplam : 215
215 -&gt;   Toplam : 215
215 -&gt;   Toplam : 215
215 -&gt;   Toplam : 215
215 -&gt;   Toplam : 215
215 -&gt;   Toplam : 215
215 -&gt;   Toplam : 215
215 -&gt;   Toplam : 215
215 -&gt;   Toplam : 215
215 -&gt;   Toplam : 215
215 -&gt;   Toplam : 215
215 -&gt;   Toplam : 215
215 -&gt;   Toplam : 215
215 -&gt;   Toplam : 215
215 -&gt;   Toplam : 215
215 -&gt;   Toplam : 215
215 -&gt;   Toplam : 215
215 -&gt;   Toplam : 215
215 -&gt;   Toplam : 215
215 -&gt;   Toplam : 215
215 -&gt;   Toplam : 215
215 -&gt;   Toplam : 215
215 -&gt;   Toplam : 215
215 -&gt;   Toplam : 215
215 -&gt;   Toplam : 215
215 -&gt;   Toplam : 215
215 -&gt;   Toplam : 215
215 -&gt;   Toplam : 215
215 -&gt;   Toplam : 215
215 -&gt;   Toplam : 215
215 -&gt;   Toplam : 215
215 -&gt;   Toplam : 215
215 -&gt;   Toplam : 215
215 -&gt;   Toplam : 215
215 -&gt;   Toplam : 215
215 -&gt;   Toplam : 215
215 -&gt;   Toplam : 215
215 -&gt;   Toplam : 215
215 -&gt;   Toplam : 215
215 -&gt;   Toplam : 215
215 -&gt;   Toplam : 215
215 -&gt;   Toplam : 215
215 -&gt;   Toplam : 215
215 -&gt;   Toplam : 215
215 -&gt;   Toplam : 215
215 -&gt;   Toplam : 215
215 -&gt;   Toplam : 215
215 -&gt;   Toplam : 215
215 -&gt;   Toplam : 215
215 -&gt;   Toplam : 215
215 -&gt;   Toplam : 215
215 -&gt;   Toplam : 215
215 -&gt;   Toplam : 215
215 -&gt;   Toplam : 215
215 -&gt;   Toplam : 215
215 -&gt;   Toplam : 215
215 -&gt;   Toplam : 215
215 -&gt;   Toplam : 215
215 -&gt;   Toplam : 215
215 -&gt;   Toplam : 215
215 -&gt;   Toplam : 215
215 -&gt;   Toplam : 215
215 -&gt;   Toplam : 215
215 -&gt;   Toplam : 215
215 -&gt;   Toplam : 215
215 -&gt;   Toplam : 215
215 -&gt;   Toplam : 215
215 -&gt;   Toplam : 215
215 -&gt;   Toplam : 215
215 -&gt;   Toplam : 215
215 -&gt;   Toplam : 215
215 -&gt;   Toplam : 215
215 -&gt;   Toplam : 215
215 -&gt;   Toplam : 215
215 -&gt;   Toplam : 215
215 -&gt;   Toplam : 215
215 -&gt;   Toplam : 215
215 -&gt;   Toplam : 215
215 -&gt;   Toplam : 215
215 -&gt;   Toplam : 215
215 -&gt;   Toplam : 215
215 -&gt;   Toplam : 215
215 -&gt;   Toplam : 215
215 -&gt;   Toplam : 215
215 -&gt;   Toplam : 215
215 -&gt;   Toplam : 215
215 -&gt;   Toplam : 215
215 -&gt;   Toplam : 215
215 -&gt;   Toplam : 215
215 -&gt;   Toplam : 215
215 -&gt;   Toplam : 215
215 -&gt;   Toplam : 215
215 -&gt;   Toplam : 215
215 -&gt;   Toplam : 215
215 -&gt;   Toplam : 215
215 -&gt;   Toplam : 215
215 -&gt;   Toplam : 215
215 -&gt;   Toplam : 215
215 -&gt;   Toplam : 215
215 -&gt;   Toplam : 215
215 -&gt;   Toplam : 215
215 -&gt;   Toplam : 215
215 -&gt;   Toplam : 215
215 -&gt;   Toplam : 215
215 -&gt;   Toplam : 215
215 -&gt;   Toplam : 215
215 -&gt;   Toplam : 215
215 -&gt;   Toplam : 215
215 -&gt;   Toplam : 215
215 -&gt;   Toplam : 215
215 -&gt;   Toplam : 215
215 -&gt;   Toplam : 215
215 -&gt;   Toplam : 215
215 -&gt;   Toplam : 215
215 -&gt;   Toplam : 215
215 -&gt;   Toplam : 215
215 -&gt;   Toplam : 215
215 -&gt;   Toplam : 215
215 -&gt;   Toplam : 215
215 -&gt;   Toplam : 215
215 -&gt;   Toplam : 215
215 -&gt;   Toplam : 215
215 -&gt;   Toplam : 215
215 -&gt;   Toplam : 215
215 -&gt;   Toplam : 215
215 -&gt;   Toplam : 215
215 -&gt;   Toplam : 215
215 -&gt;   Toplam : 215
215 -&gt;   Toplam : 215
215 -&gt;   Toplam : 215
215 -&gt;   Toplam : 215
215 -&gt;   Toplam : 215
215 -&gt;   Toplam : 215
215 -&gt;   Toplam : 215
215 -&gt;   Toplam : 215
215 -&gt;   Toplam : 215
215 -&gt;   Toplam : 215
215 -&gt;   Toplam : 215
215 -&gt;   Toplam : 215
215 -&gt;   Toplam : 215
215 -&gt;   Toplam : 215
215 -&gt;   Toplam : 215
215 -&gt;   Toplam : 215
215 -&gt;   Toplam : 215
215 -&gt;   Toplam : 215
215 -&gt;   Toplam : 215
215 -&gt;   Toplam : 215
215 -&gt;   Toplam : 215
215 -&gt;   Toplam : 215
215 -&gt;   Toplam : 215
215 -&gt;   Toplam : 215
215 -&gt;   Toplam : 215
215 -&gt;   Toplam : 215
215 -&gt;   Toplam : 215
215 -&gt;   Toplam : 215
215 -&gt;   Toplam : 215
215 -&gt;   Toplam : 215
215 -&gt;   Toplam : 215
215 -&gt;   Toplam : 215
215 -&gt;   Toplam : 215
215 -&gt;   Toplam : 215
215 -&gt;   Toplam : 215
215 -&gt;   Toplam : 215
215 -&gt;   Toplam : 215
215 -&gt;   Toplam : 215
215 -&gt;   Toplam : 215
215 -&gt;   Toplam : 215
215 -&gt;   Toplam : 215
215 -&gt;   Toplam : 215
215 -&gt;   Toplam : 215
215 -&gt;   Toplam : 215
215 -&gt;   Toplam : 215
215 -&gt;   Toplam : 215
215 -&gt;   Toplam : 215
215 -&gt;   Toplam : 215
215 -&gt;   Toplam : 215
215 -&gt;   Toplam : 215
215 -&gt;   Toplam : 215
215 -&gt;   Toplam : 215
215 -&gt;   Toplam : 215
215 -&gt;   Toplam : 215
215 -&gt;   Toplam : 215
215 -&gt;   Toplam : 215
215 -&gt;   Toplam : 215
215 -&gt;   Toplam : 215
215 -&gt;   Toplam : 215
215 -&gt;   Toplam : 215
215 -&gt;   Toplam : 215
215 -&gt;   Toplam : 215
215 -&gt;   Toplam : 215
215 -&gt;   Toplam : 215
215 -&gt;   Toplam : 215
215 -&gt;   Toplam : 215
215 -&gt;   Toplam : 215
215 -&gt;   Toplam : 215
215 -&gt;   Toplam : 215
215 -&gt;   Toplam : 215
215 -&gt;   Toplam : 215
215 -&gt;   Toplam : 215
215 -&gt;   Toplam : 215
215 -&gt;   Toplam : 215
215 -&gt;   Toplam : 215
215 -&gt;   Toplam : 215
215 -&gt;   Toplam : 215
215 -&gt;   Toplam : 215
215 -&gt;   Toplam : 215
215 -&gt;   Toplam : 215
215 -&gt;   Toplam : 215
215 -&gt;   Toplam : 215
215 -&gt;   Toplam : 215
215 -&gt;   Toplam : 215
215 -&gt;   Toplam : 215
215 -&gt;   Toplam : 215
215 -&gt;   Toplam : 215
215 -&gt;   Toplam : 215
215 -&gt;   Toplam : 215
215 -&gt;   Toplam : 215
215 -&gt;   Toplam : 215
215 -&gt;   Toplam : 215
215 -&gt;   Toplam : 215
215 -&gt;   Toplam : 215
215 -&gt;   Toplam : 215
215 -&gt;   Toplam : 215
215 -&gt;   Toplam : 215
215 -&gt;   Toplam : 215
215 -&gt;   Toplam : 215
215 -&gt;   Toplam : 215
215 -&gt;   Toplam : 215
215 -&gt;   Toplam : 215
215 -&gt;   Toplam : 215
215 -&gt;   Toplam : 215
215 -&gt;   Toplam : 215
215 -&gt;   Toplam : 215
215 -&gt;   Toplam : 215
215 -&gt;   Toplam : 215
215 -&gt;   Toplam : 215
215 -&gt;   Toplam : 215
215 -&gt;   Toplam : 215
215 -&gt;   Toplam : 215
215 -&gt;   Toplam : 215
215 -&gt;   Toplam : 215
215 -&gt;   Toplam : 215
215 -&gt;   Toplam : 215
215 -&gt;   Toplam : 215
215 -&gt;   Toplam : 215
215 -&gt;   Toplam : 215
215 -&gt;   Toplam : 215
215 -&gt;   Toplam : 215
215 -&gt;   Toplam : 215
215 -&gt;   Toplam : 215
215 -&gt;   Toplam : 215
215 -&gt;   Toplam : 215
215 -&gt;   Toplam : 215
215 -&gt;   Toplam : 215
215 -&gt;   Toplam : 215
215 -&gt;   Toplam : 215
215 -&gt;   Toplam : 215
215 -&gt;   Toplam : 215
215 -&gt;   Toplam : 215
215 -&gt;   Toplam : 215
215 -&gt;   Toplam : 215
215 -&gt;   Toplam : 215
215 -&gt;   Toplam : 215
215 -&gt;   Toplam : 215
215 -&gt;   Toplam : 215
215 -&gt;   Toplam : 215
215 -&gt;   Toplam : 215
215 -&gt;   Toplam : 215
215 -&gt;   Toplam : 215
215 -&gt;   Toplam : 215
215 -&gt;   Toplam : 215
215 -&gt;   Toplam : 215
215 -&gt;   Toplam : 215
215 -&gt;   Toplam : 215
215 -&gt;   Toplam : 215
215 -&gt;   Toplam : 215
215 -&gt;   Toplam : 215
215 -&gt;   Toplam : 215
215 -&gt;   Toplam : 215
215 -&gt;   Toplam : 215
215 -&gt;   Toplam : 215
215 -&gt;   Toplam : 215
215 -&gt;   Toplam : 215
215 -&gt;   Toplam : 215
215 -&gt;   Toplam : 215
215 -&gt;   Toplam : 215
215 -&gt;   Toplam : 215
215 -&gt;   Toplam : 215
215 -&gt;   Toplam : 215
215 -&gt;   Toplam : 215
215 -&gt;   Toplam : 215
215 -&gt;   Toplam : 215
215 -&gt;   Toplam : 215
215 -&gt;   Toplam : 215
215 -&gt;   Toplam : 215
215 -&gt;   Toplam : 215
215 -&gt;   Toplam : 215
215 -&gt;   Toplam : 215
215 -&gt;   Toplam : 215
215 -&gt;   Toplam : 215
215 -&gt;   Toplam : 215
215 -&gt;   Toplam : 215
215 -&gt;   Toplam : 215
215 -&gt;   Toplam : 215
215 -&gt;   Toplam : 215
215 -&gt;   Toplam : 215
215 -&gt;   Toplam : 215
215 -&gt;   Toplam : 215
215 -&gt;   Toplam : 215
215 -&gt;   Toplam : 215
215 -&gt;   Toplam : 215
215 -&gt;   Toplam : 215
215 -&gt;   Toplam : 215
215 -&gt;   Toplam : 215
215 -&gt;   Toplam : 215
215 -&gt;   Toplam : 215
215 -&gt;   Toplam : 215
215 -&gt;   Toplam : 215
215 -&gt;   Toplam : 215
215 -&gt;   Toplam : 215
215 -&gt;   Toplam : 215
215 -&gt;   Toplam : 215
215 -&gt;   Toplam : 215
215 -&gt;   Toplam : 215
215 -&gt;   Toplam : 215
215 -&gt;   Toplam : 215
215 -&gt;   Toplam : 215
215 -&gt;   Toplam : 215
215 -&gt;   Toplam : 215
215 -&gt;   Toplam : 215
215 -&gt;   Toplam : 215
215 -&gt;   Toplam : 215
215 -&gt;   Toplam : 215
215 -&gt;   Toplam : 215
215 -&gt;   Toplam : 215
215 -&gt;   Toplam : 215
215 -&gt;   Toplam : 215
215 -&gt;   Toplam : 215
215 -&gt;   Toplam : 215
215 -&gt;   Toplam : 215
215 -&gt;   Toplam : 215
215 -&gt;   Toplam : 215
215 -&gt;   Toplam : 215
215 -&gt;   Toplam : 215
215 -&gt;   Toplam : 215
215 -&gt;   Toplam : 215
215 -&gt;   Toplam : 215
215 -&gt;   Toplam : 215
215 -&gt;   Toplam : 215
215 -&gt;   Toplam : 215
215 -&gt;   Toplam : 215
215 -&gt;   Toplam : 215
215 -&gt;   Toplam : 215
215 -&gt;   Toplam : 215
215 -&gt;   Toplam : 215
215 -&gt;   Toplam : 215
215 -&gt;   Toplam : 215
215 -&gt;   Toplam : 215
215 -&gt;   Toplam : 215
215 -&gt;   Toplam : 215
215 -&gt;   Toplam : 215
215 -&gt;   Toplam : 215
215 -&gt;   Toplam : 215
215 -&gt;   Toplam : 215
215 -&gt;   Toplam : 215
215 -&gt;   Toplam : 215
215 -&gt;   Toplam : 215
215 -&gt;   Toplam : 215
215 -&gt;   Toplam : 215
215 -&gt;   Toplam : 215
215 -&gt;   Toplam : 215
215 -&gt;   Toplam : 215
215 -&gt;   Toplam : 215
215 -&gt;   Toplam : 215
215 -&gt;   Toplam : 215
215 -&gt;   Toplam : 215
215 -&gt;   Toplam : 215
215 -&gt;   Toplam : 215
215 -&gt;   Toplam : 215
215 -&gt;   Toplam : 215
215 -&gt;   Toplam : 215
215 -&gt;   Toplam : 215
215 -&gt;   Toplam : 215
215 -&gt;   Toplam : 215
215 -&gt;   Toplam : 215
215 -&gt;   Toplam : 215
215 -&gt;   Toplam : 215
215 -&gt;   Toplam : 215
215 -&gt;   Toplam : 215
215 -&gt;   Toplam : 215
215 -&gt;   Toplam : 215
215 -&gt;   Toplam : 215
215 -&gt;   Toplam : 215
215 -&gt;   Toplam : 215
215 -&gt;   Toplam : 215
215 -&gt;   Toplam : 215
215 -&gt;   Toplam : 215
215 -&gt;   Toplam : 215
215 -&gt;   Toplam : 215
215 -&gt;   Toplam : 215
215 -&gt;   Toplam : 215
215 -&gt;   Toplam : 215
215 -&gt;   Toplam : 215
215 -&gt;   Toplam : 215
215 -&gt;   Toplam : 215
215 -&gt;   Toplam : 215
215 -&gt;   Toplam : 215
215 -&gt;   Toplam : 215
215 -&gt;   Toplam : 215
215 -&gt;   Toplam : 215
215 -&gt;   Toplam : 215
215 -&gt;   Toplam : 215
215 -&gt;   Toplam : 215
215 -&gt;   Toplam : 215
215 -&gt;   Toplam : 215
215 -&gt;   Toplam : 215
215 -&gt;   Toplam : 215
215 -&gt;   Toplam : 215
215 -&gt;   Toplam : 215
215 -&gt;   Toplam : 215
215 -&gt;   Toplam : 215
215 -&gt;   Toplam : 215
215 -&gt;   Toplam : 215
215 -&gt;   Toplam : 215
215 -&gt;   Toplam : 215
215 -&gt;   Toplam : 215
215 -&gt;   Toplam : 215
215 -&gt;   Toplam : 215
215 -&gt;   Toplam : 215
215 -&gt;   Toplam : 215
215 -&gt;   Toplam : 215
215 -&gt;   Toplam : 215
215 -&gt;   Toplam : 215
215 -&gt;   Toplam : 215
215 -&gt;   Toplam : 215
215 -&gt;   Toplam : 215
215 -&gt;   Toplam : 215
215 -&gt;   Toplam : 215
215 -&gt;   Toplam : 215
215 -&gt;   Toplam : 215
215 -&gt;   Toplam : 215
215 -&gt;   Toplam : 215
215 -&gt;   Toplam : 215
215 -&gt;   Toplam : 215
215 -&gt;   Toplam : 215
215 -&gt;   Toplam : 215
215 -&gt;   Toplam : 215
215 -&gt;   Toplam : 215
215 -&gt;   Toplam : 215
215 -&gt;   Toplam : 215
215 -&gt;   Toplam : 215
215 -&gt;   Toplam : 215
215 -&gt;   Toplam : 215
215 -&gt;   Toplam : 215
215 -&gt;   Toplam : 215
215 -&gt;   Toplam : 215
215 -&gt;   Toplam : 215
215 -&gt;   Toplam : 215
215 -&gt;   Toplam : 215
215 -&gt;   Toplam : 215
215 -&gt;   Toplam : 215
215 -&gt;   Toplam : 215
215 -&gt;   Toplam : 215
215 -&gt;   Toplam : 215
215 -&gt;   Toplam : 215
215 -&gt;   Toplam : 215
215 -&gt;   Toplam : 215
215 -&gt;   Toplam : 215
215 -&gt;   Toplam : 215
215 -&gt;   Toplam : 215
215 -&gt;   Toplam : 215
215 -&gt;   Toplam : 215
215 -&gt;   Toplam : 215
215 -&gt;   Toplam : 215
215 -&gt;   Toplam : 215
215 -&gt;   Toplam : 215
215 -&gt;   Toplam : 215
215 -&gt;   Toplam : 215
215 -&gt;   Toplam : 215
215 -&gt;   Toplam : 215
215 -&gt;   Toplam : 215
215 -&gt;   Toplam : 215
215 -&gt;   Toplam : 215
215 -&gt;   Toplam : 215
215 -&gt;   Toplam : 215
215 -&gt;   Toplam : 215
215 -&gt;   Toplam : 215
215 -&gt;   Toplam : 215
215 -&gt;   Toplam : 215
215 -&gt;   Toplam : 215
215 -&gt;   Toplam : 215
215 -&gt;   Toplam : 215
215 -&gt;   Toplam : 215
215 -&gt;   Toplam : 215
215 -&gt;   Toplam : 215
215 -&gt;   Toplam : 215
215 -&gt;   Toplam : 215
215 -&gt;   Toplam : 215
215 -&gt;   Toplam : 215
215 -&gt;   Toplam : 215
215 -&gt;   Toplam : 215
215 -&gt;   Toplam : 215
215 -&gt;   Toplam : 215
215 -&gt;   Toplam : 215
215 -&gt;   Toplam : 215
215 -&gt;   Toplam : 215
215 -&gt;   Toplam : 215
215 -&gt;   Toplam : 215
215 -&gt;   Toplam : 215
215 -&gt;   Toplam : 215
215 -&gt;   Toplam : 215
215 -&gt;   Toplam : 215
215 -&gt;   Toplam : 215
215 -&gt;   Toplam : 215
215 -&gt;   Toplam : 215
215 -&gt;   Toplam : 215
215 -&gt;   Toplam : 215
215 -&gt;   Toplam : 215
215 -&gt;   Toplam : 215
215 -&gt;   Toplam : 215
215 -&gt;   Toplam : 215
215 -&gt;   Toplam : 215
215 -&gt;   Toplam : 215
215 -&gt;   Toplam : 215
215 -&gt;   Toplam : 215
215 -&gt;   Toplam : 215
215 -&gt;   Toplam : 215
215 -&gt;   Toplam : 215
215 -&gt;   Toplam : 215
215 -&gt;   Toplam : 215
215 -&gt;   Toplam : 215
215 -&gt;   Toplam : 215
215 -&gt;   Toplam : 215
215 -&gt;   Toplam : 215
215 -&gt;   Toplam : 215
215 -&gt;   Toplam : 215
215 -&gt;   Toplam : 215
215 -&gt;   Toplam : 215
215 -&gt;   Toplam : 215
215 -&gt;   Toplam : 215
215 -&gt;   Toplam : 215
215 -&gt;   Toplam : 215
215 -&gt;   Toplam : 215
215 -&gt;   Toplam : 215
215 -&gt;   Toplam : 215
215 -&gt;   Toplam : 215
215 -&gt;   Toplam : 215
215 -&gt;   Toplam : 215
215 -&gt;   Toplam : 215
215 -&gt;   Toplam : 215
215 -&gt;   Toplam : 215
215 -&gt;   Toplam : 215
215 -&gt;   Toplam : 215
215 -&gt;   Toplam : 215
215 -&gt;   Toplam : 215
215 -&gt;   Toplam : 215
215 -&gt;   Toplam : 215
215 -&gt;   Toplam : 215
215 -&gt;   Toplam : 215
215 -&gt;   Toplam : 215
215 -&gt;   Toplam : 215
215 -&gt;   Toplam : 215
215 -&gt;   Toplam : 215
215 -&gt;   Toplam : 215
215 -&gt;   Toplam : 215
215 -&gt;   Toplam : 215
215 -&gt;   Toplam : 215
215 -&gt;   Toplam : 215
215 -&gt;   Toplam : 215
215 -&gt;   Toplam : 215
215 -&gt;   Toplam : 215
215 -&gt;   Toplam : 215
215 -&gt;   Toplam : 215
215 -&gt;   Toplam : 215
215 -&gt;   Toplam : 215
215 -&gt;   Toplam : 215
215 -&gt;   Toplam : 215
215 -&gt;   Toplam : 215
215 -&gt;   Toplam : 215
215 -&gt;   Toplam : 215
215 -&gt;   Toplam : 215
215 -&gt;   Toplam : 215
215 -&gt;   Toplam : 215
215 -&gt;   Toplam : 215
215 -&gt;   Toplam : 215
215 -&gt;   Toplam : 215
215 -&gt;   Toplam : 215
215 -&gt;   Toplam : 215
215 -&gt;   Toplam : 215
215 -&gt;   Toplam : 215
215 -&gt;   Toplam : 215
215 -&gt;   Toplam : 215
215 -&gt;   Toplam : 215
215 -&gt;   Toplam : 215
215 -&gt;   Toplam : 215
215 -&gt;   Toplam : 215
215 -&gt;   Toplam : 215
215 -&gt;   Toplam : 215
215 -&gt;   Toplam : 215
215 -&gt;   Toplam : 215
215 -&gt;   Toplam : 215
215 -&gt;   Toplam : 215
215 -&gt;   Toplam : 215
215 -&gt;   Toplam : 215
215 -&gt;   Toplam : 215
215 -&gt;   Toplam : 215
215 -&gt;   Toplam : 215
215 -&gt;   Toplam : 215
215 -&gt;   Toplam : 215
215 -&gt;   Toplam : 215
215 -&gt;   Toplam : 215
215 -&gt;   Toplam : 215
215 -&gt;   Toplam : 215
215 -&gt;   Toplam : 215
215 -&gt;   Toplam : 215
215 -&gt;   Toplam : 215
215 -&gt;   Toplam : 215
215 -&gt;   Toplam : 215
215 -&gt;   Toplam : 215
215 -&gt;   Toplam : 215
215 -&gt;   Toplam : 215
215 -&gt;   Toplam : 215
215 -&gt;   Toplam : 215
215 -&gt;   Toplam : 215
215 -&gt;   Toplam : 215
215 -&gt;   Toplam : 215
215 -&gt;   Toplam : 215
215 -&gt;   Toplam : 215
215 -&gt;   Toplam : 215
215 -&gt;   Toplam : 215
215 -&gt;   Toplam : 215
215 -&gt;   Toplam : 215
215 -&gt;   Toplam : 215
215 -&gt;   Toplam : 215
215 -&gt;   Toplam : 215
215 -&gt;   Toplam : 215
215 -&gt;   Toplam : 215
215 -&gt;   Toplam : 215
215 -&gt;   Toplam : 215
215 -&gt;   Toplam : 215
215 -&gt;   Toplam : 215
215 -&gt;   Toplam : 215
215 -&gt;   Toplam : 215
215 -&gt;   Toplam : 215
215 -&gt;   Toplam : 215
215 -&gt;   Toplam : 215
215 -&gt;   Toplam : 215
215 -&gt;   Toplam : 215
215 -&gt;   Toplam : 215
215 -&gt;   Toplam : 215
215 -&gt;   Toplam : 215
215 -&gt;   Toplam : 215
215 -&gt;   Toplam : 215
215 -&gt;   Toplam : 215
215 -&gt;   Toplam : 215
215 -&gt;   Toplam : 215
215 -&gt;   Toplam : 215
215 -&gt;   Toplam : 215
215 -&gt;   Toplam : 215
215 -&gt;   Toplam : 215
215 -&gt;   Toplam : 215
215 -&gt;   Toplam : 215
215 -&gt;   Toplam : 215
215 -&gt;   Toplam : 215
215 -&gt;   Toplam : 215
215 -&gt;   Toplam : 215
215 -&gt;   Toplam : 215
215 -&gt;   Toplam : 215
215 -&gt;   Toplam : 215
215 -&gt;   Toplam : 215
215 -&gt;   Toplam : 215
215 -&gt;   Toplam : 215
215 -&gt;   Toplam : 215
215 -&gt;   Toplam : 215
215 -&gt;   Toplam : 215
215 -&gt;   Toplam : 215
215 -&gt;   Toplam : 215
215 -&gt;   Toplam : 215
215 -&gt;   Toplam : 215
215 -&gt;   Toplam : 215
215 -&gt;   Toplam : 215
215 -&gt;   Toplam : 215
215 -&gt;   Toplam : 215
215 -&gt;   Toplam : 215
215 -&gt;   Toplam : 215
215 -&gt;   Toplam : 215
215 -&gt;   Toplam : 215
215 -&gt;   Toplam : 215
215 -&gt;   Toplam : 215
215 -&gt;   Toplam : 215
215 -&gt;   Toplam : 215
215 -&gt;   Toplam : 215
215 -&gt;   Toplam : 215
215 -&gt;   Toplam : 215
215 -&gt;   Toplam : 215
215 -&gt;   Toplam : 215
215 -&gt;   Toplam : 215
215 -&gt;   Toplam : 215
215 -&gt;   Toplam : 215
215 -&gt;   Toplam : 215
215 -&gt;   Toplam : 215
215 -&gt;   Toplam : 215
215 -&gt;   Toplam : 215
215 -&gt;   Toplam : 215
215 -&gt;   Toplam : 215
215 -&gt;   Toplam : 215
215 -&gt;   Toplam : 215
215 -&gt;   Toplam : 215
215 -&gt;   Toplam : 215
215 -&gt;   Toplam : 215
215 -&gt;   Toplam : 215
215 -&gt;   Toplam : 215
215 -&gt;   Toplam : 215
215 -&gt;   Toplam : 215
215 -&gt;   Toplam : 215
215 -&gt;   Toplam : 215
215 -&gt;   Toplam : 215
215 -&gt;   Toplam : 215
215 -&gt;   Toplam : 215
215 -&gt;   Toplam : 215
215 -&gt;   Toplam : 215
215 -&gt;   Toplam : 215
215 -&gt;   Toplam : 215
215 -&gt;   Toplam : 215
215 -&gt;   Toplam : 215
215 -&gt;   Toplam : 215
215 -&gt;   Toplam : 215
215 -&gt;   Toplam : 215
215 -&gt;   Toplam : 215
215 -&gt;   Toplam : 215
215 -&gt;   Toplam : 215
215 -&gt;   Toplam : 215
215 -&gt;   Toplam : 215
215 -&gt;   Toplam : 215
215 -&gt;   Toplam : 215
215 -&gt;   Toplam : 215
215 -&gt;   Toplam : 215
215 -&gt;   Toplam : 215
215 -&gt;   Toplam : 215
215 -&gt;   Toplam : 215
215 -&gt;   Toplam : 215
215 -&gt;   Toplam : 215
215 -&gt;   Toplam : 215
215 -&gt;   Toplam : 215
215 -&gt;   Toplam : 215
215 -&gt;   Toplam : 215
215 -&gt;   Toplam : 215
215 -&gt;   Toplam : 215
215 -&gt;   Toplam : 215
215 -&gt;   Toplam : 215
215 -&gt;   Toplam : 215
215 -&gt;   Toplam : 215
215 -&gt;   Toplam : 215
215 -&gt;   Toplam : 215
215 -&gt;   Toplam : 215
215 -&gt;   Toplam : 215
215 -&gt;   Toplam : 215
215 -&gt;   Toplam : 215
215 -&gt;   Toplam : 215
215 -&gt;   Toplam : 215
215 -&gt;   Toplam : 215
215 -&gt;   Toplam : 215
215 -&gt;   Toplam : 215
215 -&gt;   Toplam : 215
215 -&gt;   Toplam : 215
215 -&gt;   Toplam : 215
215 -&gt;   Toplam : 215
215 -&gt;   Toplam : 215
215 -&gt;   Toplam : 215
215 -&gt;   Toplam : 215
215 -&gt;   Toplam : 215
215 -&gt;   Toplam : 215
215 -&gt;   Toplam : 215
215 -&gt;   Toplam : 215
215 -&gt;   Toplam : 215
215 -&gt;   Toplam : 215
215 -&gt;   Toplam : 215
215 -&gt;   Toplam : 215
215 -&gt;   Toplam : 215
215 -&gt;   Toplam : 215
215 -&gt;   Toplam : 215
215 -&gt;   Toplam : 215
215 -&gt;   Toplam : 215
215 -&gt;   Toplam : 215
215 -&gt;   Toplam : 215
215 -&gt;   Toplam : 215
215 -&gt;   Toplam : 215
215 -&gt;   Toplam : 215
215 -&gt;   Toplam : 215
215 -&gt;   Toplam : 215
215 -&gt;   Toplam : 215
215 -&gt;   Toplam : 215
215 -&gt;   Toplam : 215
215 -&gt;   Toplam : 215
215 -&gt;   Toplam : 215
215 -&gt;   Toplam : 215
215 -&gt;   Toplam : 215
215 -&gt;   Toplam : 215
215 -&gt;   Toplam : 215
215 -&gt;   Toplam : 215
215 -&gt;   Toplam : 215
215 -&gt;   Toplam : 215
215 -&gt;   Toplam : 215
215 -&gt;   Toplam : 215
215 -&gt;   Toplam : 215
215 -&gt;   Toplam : 215
215 -&gt;   Toplam : 215
215 -&gt;   Toplam : 215
215 -&gt;   Toplam : 215
215 -&gt;   Toplam : 215
215 -&gt;   Toplam : 215
215 -&gt;   Toplam : 215
215 -&gt;   Toplam : 215
215 -&gt;   Toplam : 215
215 -&gt;   Toplam : 215
215 -&gt;   Toplam : 215
215 -&gt;   Toplam : 215
215 -&gt;   Toplam : 215
215 -&gt;   Toplam : 215
215 -&gt;   Toplam : 215
215 -&gt;   Toplam : 215
215 -&gt;   Toplam : 215
215 -&gt;   Toplam : 215
215 -&gt;   Toplam : 215
215 -&gt;   Toplam : 215
215 -&gt;   Toplam : 215
215 -&gt;   Toplam : 215
215 -&gt;   Toplam : 215
215 -&gt;   Toplam : 215
215 -&gt;   Toplam : 215
215 -&gt;   Toplam : 215
215 -&gt;   Toplam : 215
215 -&gt;   Toplam : 215
215 -&gt;   Toplam : 215
215 -&gt;   Toplam : 215
215 -&gt;   Toplam : 215
215 -&gt;   Toplam : 215
215 -&gt;   Toplam : 215
215 -&gt;   Toplam : 215
215 -&gt;   Toplam : 215
215 -&gt;   Toplam : 215
215 -&gt;   Toplam : 215
215 -&gt;   Toplam : 215
215 -&gt;   Toplam : 215
215 -&gt;   Toplam : 215
215 -&gt;   Toplam : 215
215 -&gt;   Toplam : 215
215 -&gt;   Toplam : 215
215 -&gt;   Toplam : 215
215 -&gt;   Toplam : 215
215 -&gt;   Toplam : 215
215 -&gt;   Toplam : 215
215 -&gt;   Toplam : 215
215 -&gt;   Toplam : 215
215 -&gt;   Toplam : 215
215 -&gt;   Toplam : 215
215 -&gt;   Toplam : 215
215 -&gt;   Toplam : 215
215 -&gt;   Toplam : 215
215 -&gt;   Toplam : 215
215 -&gt;   Toplam : 215
215 -&gt;   Toplam : 215
215 -&gt;   Toplam : 215
215 -&gt;   Toplam : 215
215 -&gt;   Toplam : 215
215 -&gt;   Toplam : 215
215 -&gt;   Toplam : 215
215 -&gt;   Toplam : 215
215 -&gt;   Toplam : 215
215 -&gt;   Toplam : 215
215 -&gt;   Toplam : 215
215 -&gt;   Toplam : 215
215 -&gt;   Toplam : 215
215 -&gt;   Toplam : 215
215 -&gt;   Toplam : 215
215 -&gt;   Toplam : 215
215 -&gt;   Toplam : 215
215 -&gt;   Toplam : 215
215 -&gt;   Toplam : 215
215 -&gt;   Toplam : 215
215 -&gt;   Toplam : 215
215 -&gt;   Toplam : 215
215 -&gt;   Toplam : 215
215 -&gt;   Toplam : 215
215 -&gt;   Toplam : 215
215 -&gt;   Toplam : 215
215 -&gt;   Toplam : 215
215 -&gt;   Toplam : 215
215 -&gt;   Toplam : 215
215 -&gt;   Toplam : 215
215 -&gt;   Toplam : 215
215 -&gt;   Toplam : 215
215 -&gt;   Toplam : 215
215 -&gt;   Toplam : 215
215 -&gt;   Toplam : 215
215 -&gt;   Toplam : 215
215 -&gt;   Toplam : 215
215 -&gt;   Toplam : 215
215 -&gt;   Toplam : 215
215 -&gt;   Toplam : 215
215 -&gt;   Toplam : 215
215 -&gt;   Toplam : 215
215 -&gt;   Toplam : 215
215 -&gt;   Toplam : 215
215 -&gt;   Toplam : 215
215 -&gt;   Toplam : 215
215 -&gt;   Toplam : 215
215 -&gt;   Toplam : 215
215 -&gt;   Toplam : 215
215 -&gt;   Toplam : 215
215 -&gt;   Toplam : 215
215 -&gt;   Toplam : 215
215 -&gt;   Toplam : 215
215 -&gt;   Toplam : 215
215 -&gt;   Toplam : 215
215 -&gt;   Toplam : 215
215 -&gt;   Toplam : 215
215 -&gt;   Toplam : 215
215 -&gt;   Toplam : 215
215 -&gt;   Toplam : 215
215 -&gt;   Toplam : 215
215 -&gt;   Toplam : 215
215 -&gt;   Toplam : 215
215 -&gt;   Toplam : 215
215 -&gt;   Toplam : 215
215 -&gt;   Toplam : 215
215 -&gt;   Toplam : 215
215 -&gt;   Toplam : 215
215 -&gt;   Toplam : 215
215 -&gt;   Toplam : 215
215 -&gt;   Toplam : 215
215 -&gt;   Toplam : 215
215 -&gt;   Toplam : 215
215 -&gt;   Toplam : 215
215 -&gt;   Toplam : 215
215 -&gt;   Toplam : 215
215 -&gt;   Toplam : 215
215 -&gt;   Toplam : 215
215 -&gt;   Toplam : 215
215 -&gt;   Toplam : 215
215 -&gt;   Toplam : 215
215 -&gt;   Toplam : 215
215 -&gt;   Toplam : 215
215 -&gt;   Toplam : 215
215 -&gt;   Toplam : 215
215 -&gt;   Toplam : 215
215 -&gt;   Toplam : 215
215 -&gt;   Toplam : 215
215 -&gt;   Toplam : 215
215 -&gt;   Toplam : 215
215 -&gt;   Toplam : 215
215 -&gt;   Toplam : 215
215 -&gt;   Toplam : 215
215 -&gt;   Toplam : 215
215 -&gt;   Toplam : 215
215 -&gt;   Toplam : 215
215 -&gt;   Toplam : 215
215 -&gt;   Toplam : 215
215 -&gt;   Toplam : 215
215 -&gt;   Toplam : 215
215 -&gt;   Toplam : 215
215 -&gt;   Toplam : 215
215 -&gt;   Toplam : 215
215 -&gt;   Toplam : 215
215 -&gt;   Toplam : 215
215 -&gt;   Toplam : 215
215 -&gt;   Toplam : 215
215 -&gt;   Toplam : 215
215 -&gt;   Toplam : 215
215 -&gt;   Toplam : 215
215 -&gt;   Toplam : 215
215 -&gt;   Toplam : 215
215 -&gt;   Toplam : 215
215 -&gt;   Toplam : 215
215 -&gt;   Toplam : 215
215 -&gt;   Toplam : 215
215 -&gt;   Toplam : 215
215 -&gt;   Toplam : 215
215 -&gt;   Toplam : 215
215 -&gt;   Toplam : 215
215 -&gt;   Toplam : 215
215 -&gt;   Toplam : 215
215 -&gt;   Toplam : 215
215 -&gt;   Toplam : 215
215 -&gt;   Toplam : 215
215 -&gt;   Toplam : 215
215 -&gt;   Toplam : 215
215 -&gt;   Toplam : 215
215 -&gt;   Toplam : 215
215 -&gt;   Toplam : 215
215 -&gt;   Toplam : 215
215 -&gt;   Toplam : 215
215 -&gt;   Toplam : 215
215 -&gt;   Toplam : 215
215 -&gt;   Toplam : 215
215 -&gt;   Toplam : 215
215 -&gt;   Toplam : 215
215 -&gt;   Toplam : 215
215 -&gt;   Toplam : 215
215 -&gt;   Toplam : 215
215 -&gt;   Toplam : 215
215 -&gt;   Toplam : 215
215 -&gt;   Toplam : 215
215 -&gt;   Toplam : 215
215 -&gt;   Toplam : 215
215 -&gt;   Toplam : 215
215 -&gt;   Toplam : 215
215 -&gt;   Toplam : 215
215 -&gt;   Toplam : 215
215 -&gt;   Toplam : 215
215 -&gt;   Toplam : 215
215 -&gt;   Toplam : 215
215 -&gt;   Toplam : 215
215 -&gt;   Toplam : 215
215 -&gt;   Toplam : 215
215 -&gt;   Toplam : 215
215 -&gt;   Toplam : 215
215 -&gt;   Toplam : 215
215 -&gt;   Toplam : 215
215 -&gt;   Toplam : 215
215 -&gt;   Toplam : 215
215 -&gt;   Toplam : 215
215 -&gt;   Toplam : 215
215 -&gt;   Toplam : 215
215 -&gt;   Toplam : 215
215 -&gt;   Toplam : 215
215 -&gt;   Toplam : 215
215 -&gt;   Toplam : 215
215 -&gt;   Toplam : 215
215 -&gt;   Toplam : 215
215 -&gt;   Toplam : 215
215 -&gt;   Toplam : 215
215 -&gt;   Toplam : 215
215 -&gt;   Toplam : 215
215 -&gt;   Toplam : 215
215 -&gt;   Toplam : 215
215 -&gt;   Toplam : 215
215 -&gt;   Toplam : 215
215 -&gt;   Toplam : 215
215 -&gt;   Toplam : 215
215 -&gt;   Toplam : 215
215 -&gt;   Toplam : 215
215 -&gt;   Toplam : 215
215 -&gt;   Toplam : 215
215 -&gt;   Toplam : 215
215 -&gt;   Toplam : 215
215 -&gt;   Toplam : 215
215 -&gt;   Toplam : 215
215 -&gt;   Toplam : 215
215 -&gt;   Toplam : 215
215 -&gt;   Toplam : 215
215 -&gt;   Toplam : 215
215 -&gt;   Toplam : 215
215 -&gt;   Toplam : 215
215 -&gt;   Toplam : 215
215 -&gt;   Toplam : 215
215 -&gt;   Toplam : 215
215 -&gt;   Toplam : 215
215 -&gt;   Toplam : 215
215 -&gt;   Toplam : 215
215 -&gt;   Toplam : 215
215 -&gt;   Toplam : 215
215 -&gt;   Toplam : 215
215 -&gt;   Toplam : 215
215 -&gt;   Toplam : 215
215 -&gt;   Toplam : 215
215 -&gt;   Toplam : 215
215 -&gt;   Toplam : 215
215 -&gt;   Toplam : 215
215 -&gt;   Toplam : 215
215 -&gt;   Toplam : 215
215 -&gt;   Toplam : 215
215 -&gt;   Toplam : 215
215 -&gt;   Toplam : 215
215 -&gt;   Toplam : 215
215 -&gt;   Toplam : 215
215 -&gt;   Toplam : 215
215 -&gt;   Toplam : 215
215 -&gt;   Toplam : 215
215 -&gt;   Toplam : 215
215 -&gt;   Toplam : 215
215 -&gt;   Toplam : 215
215 -&gt;   Toplam : 215
215 -&gt;   Toplam : 215
215 -&gt;   Toplam : 215
215 -&gt;   Toplam : 215
215 -&gt;   Toplam : 215
215 -&gt;   Toplam : 215
215 -&gt;   Toplam : 215
215 -&gt;   Toplam : 215
215 -&gt;   Toplam : 215
215 -&gt;   Toplam : 215
215 -&gt;   Toplam : 215
215 -&gt;   Toplam : 215
215 -&gt;   Toplam : 215
215 -&gt;   Toplam : 215
215 -&gt;   Toplam : 215
215 -&gt;   Toplam : 215
215 -&gt;   Toplam : 215
215 -&gt;   Toplam : 215
215 -&gt;   Toplam : 215
215 -&gt;   Toplam : 215
215 -&gt;   Toplam : 215
215 -&gt;   Toplam : 215
215 -&gt;   Toplam : 215
215 -&gt;   Toplam : 215
215 -&gt;   Toplam : 215
215 -&gt;   Toplam : 215
215 -&gt;   Toplam : 215
215 -&gt;   Toplam : 215
215 -&gt;   Toplam : 215
215 -&gt;   Toplam : 215
215 -&gt;   Toplam : 215
215 -&gt;   Toplam : 215
215 -&gt;   Toplam : 215
215 -&gt;   Toplam : 215
215 -&gt;   Toplam : 215
215 -&gt;   Toplam : 215
215 -&gt;   Toplam : 215
215 -&gt;   Toplam : 215
215 -&gt;   Toplam : 215
215 -&gt;   Toplam : 215
215 -&gt;   Toplam : 215
215 -&gt;   Toplam : 215
215 -&gt;   Toplam : 215
215 -&gt;   Toplam : 215
215 -&gt;   Toplam : 215
215 -&gt;   Toplam : 215
215 -&gt;   Toplam : 215
215 -&gt;   Toplam : 215
215 -&gt;   Toplam : 215
215 -&gt;   Toplam : 215
215 -&gt;   Toplam : 215
215 -&gt;   Toplam : 215
215 -&gt;   Toplam : 215
215 -&gt;   Toplam : 215
215 -&gt;   Toplam : 215
215 -&gt;   Toplam : 215
215 -&gt;   Toplam : 215
215 -&gt;   Toplam : 215
215 -&gt;   Toplam : 215
215 -&gt;   Toplam : 215
215 -&gt;   Toplam : 215
215 -&gt;   Toplam : 215
215 -&gt;   Toplam : 215
215 -&gt;   Toplam : 215
215 -&gt;   Toplam : 215
215 -&gt;   Toplam : 215
215 -&gt;   Toplam : 215
215 -&gt;   Toplam : 215
215 -&gt;   Toplam : 215
215 -&gt;   Toplam : 215
215 -&gt;   Toplam : 215
215 -&gt;   Toplam : 215
215 -&gt;   Toplam : 215
215 -&gt;   Toplam : 215
215 -&gt;   Toplam : 215
215 -&gt;   Toplam : 215
215 -&gt;   Toplam : 215
215 -&gt;   Toplam : 215
215 -&gt;   Toplam : 215
215 -&gt;   Toplam : 215
215 -&gt;   Toplam : 215
215 -&gt;   Toplam : 215
215 -&gt;   Toplam : 215
215 -&gt;   Toplam : 215
215 -&gt;   Toplam : 215
215 -&gt;   Toplam : 215
215 -&gt;   Toplam : 215
215 -&gt;   Toplam : 215
215 -&gt;   Toplam : 215
215 -&gt;   Toplam : 215
215 -&gt;   Toplam : 215
215 -&gt;   Toplam : 215
215 -&gt;   Toplam : 215
215 -&gt;   Toplam : 215
215 -&gt;   Toplam : 215
215 -&gt;   Toplam : 215
215 -&gt;   Toplam : 215
215 -&gt;   Toplam : 215
215 -&gt;   Toplam : 215
215 -&gt;   Toplam : 215
215 -&gt;   Toplam : 215
215 -&gt;   Toplam : 215
215 -&gt;   Toplam : 215
215 -&gt;   Toplam : 215
215 -&gt;   Toplam : 215
215 -&gt;   Toplam : 215
215 -&gt;   Toplam : 215
215 -&gt;   Toplam : 215
215 -&gt;   Toplam : 215
215 -&gt;   Toplam : 215
215 -&gt;   Toplam : 215
215 -&gt;   Toplam : 215
215 -&gt;   Toplam : 215
215 -&gt;   Toplam : 215
215 -&gt;   Toplam : 215
215 -&gt;   Toplam : 215
215 -&gt;   Toplam : 215
215 -&gt;   Toplam : 215
215 -&gt;   Toplam : 215
215 -&gt;   Toplam : 215
215 -&gt;   Toplam : 215
215 -&gt;   Toplam : 215
215 -&gt;   Toplam : 215
215 -&gt;   Toplam : 215
215 -&gt;   Toplam : 215
215 -&gt;   Toplam : 215
215 -&gt;   Toplam : 215
215 -&gt;   Toplam : 215
215 -&gt;   Toplam : 215
215 -&gt;   Toplam : 215
215 -&gt;   Toplam : 215
215 -&gt;   Toplam : 215
215 -&gt;   Toplam : 215
215 -&gt;   Toplam : 215
215 -&gt;   Toplam : 215
215 -&gt;   Toplam : 215
215 -&gt;   Toplam : 215
215 -&gt;   Toplam : 215
215 -&gt;   Toplam : 215
215 -&gt;   Toplam : 215
215 -&gt;   Toplam : 215
215 -&gt;   Toplam : 215
215 -&gt;   Toplam : 215
215 -&gt;   Toplam : 215
215 -&gt;   Toplam : 215
215 -&gt;   Toplam : 215
215 -&gt;   Toplam : 215
215 -&gt;   Toplam : 215
215 -&gt;   Toplam : 215
215 -&gt;   Toplam : 215
215 -&gt;   Toplam : 215
215 -&gt;   Toplam : 215
215 -&gt;   Toplam : 215
215 -&gt;   Toplam : 215
215 -&gt;   Toplam : 215
215 -&gt;   Toplam : 215
215 -&gt;   Toplam : 215
215 -&gt;   Toplam : 215
215 -&gt;   Toplam : 215
215 -&gt;   Toplam : 215
215 -&gt;   Toplam : 215
215 -&gt;   Toplam : 215
215 -&gt;   Toplam : 215
215 -&gt;   Toplam : 215
215 -&gt;   Toplam : 215
215 -&gt;   Toplam : 215
215 -&gt;   Toplam : 215
215 -&gt;   Toplam : 215
215 -&gt;   Toplam : 215
215 -&gt;   Toplam : 215
215 -&gt;   Toplam : 215
215 -&gt;   Toplam : 215
215 -&gt;   Toplam : 215
215 -&gt;   Toplam : 215
215 -&gt;   Toplam : 215
215 -&gt;   Toplam : 215
215 -&gt;   Toplam : 215
215 -&gt;   Toplam : 215
215 -&gt;   Toplam : 215
215 -&gt;   Toplam : 215
215 -&gt;   Toplam : 215
215 -&gt;   Toplam : 215
215 -&gt;   Toplam : 215
215 -&gt;   Toplam : 215
215 -&gt;   Toplam : 215
215 -&gt;   Toplam : 215
215 -&gt;   Toplam : 215
215 -&gt;   Toplam : 215
215 -&gt;   Toplam : 215
215 -&gt;   Toplam : 215
215 -&gt;   Toplam : 215
215 -&gt;   Toplam : 215
215 -&gt;   Toplam : 215
215 -&gt;   Toplam : 215
215 -&gt;   Toplam : 215
215 -&gt;   Toplam : 215
215 -&gt;   Toplam : 215
215 -&gt;   Toplam : 215
215 -&gt;   Toplam : 215
215 -&gt;   Toplam : 215
215 -&gt;   Toplam : 215
215 -&gt;   Toplam : 215
215 -&gt;   Toplam : 215
215 -&gt;   Toplam : 215
215 -&gt;   Toplam : 215
215 -&gt;   Toplam : 215
215 -&gt;   Toplam : 215
215 -&gt;   Toplam : 215
215 -&gt;   Toplam : 215
215 -&gt;   Toplam : 215
215 -&gt;   Toplam : 215
215 -&gt;   Toplam : 215
215 -&gt;   Toplam : 215
215 -&gt;   Toplam : 215
215 -&gt;   Toplam : 215
215 -&gt;   Toplam : 215
215 -&gt;   Toplam : 215
215 -&gt;   Toplam : 215
215 -&gt;   Toplam : 215
215 -&gt;   Toplam : 215
215 -&gt;   Toplam : 215
215 -&gt;   Toplam : 215
215 -&gt;   Toplam : 215
215 -&gt;   Toplam : 215
215 -&gt;   Toplam : 215
215 -&gt;   Toplam : 215
215 -&gt;   Toplam : 215
215 -&gt;   Toplam : 215
215 -&gt;   Toplam : 215
215 -&gt;   Toplam : 215
215 -&gt;   Toplam : 215
215 -&gt;   Toplam : 215
215 -&gt;   Toplam : 215
215 -&gt;   Toplam : 215
215 -&gt;   Toplam : 215
215 -&gt;   Toplam : 215
215 -&gt;   Toplam : 215
215 -&gt;   Toplam : 215
215 -&gt;   Toplam : 215
215 -&gt;   Toplam : 215
215 -&gt;   Toplam : 215
215 -&gt;   Toplam : 215
215 -&gt;   Toplam : 215
215 -&gt;   Toplam : 215
215 -&gt;   Toplam : 215
215 -&gt;   Toplam : 215
215 -&gt;   Toplam : 215
215 -&gt;   Toplam : 215
215 -&gt;   Toplam : 215
215 -&gt;   Toplam : 215
215 -&gt;   Toplam : 215
215 -&gt;   Toplam : 215
215 -&gt;   Toplam : 215
215 -&gt;   Toplam : 215
215 -&gt;   Toplam : 215
215 -&gt;   Toplam : 215
215 -&gt;   Toplam : 215
215 -&gt;   Toplam : 215
215 -&gt;   Toplam : 215
215 -&gt;   Toplam : 215
215 -&gt;   Toplam : 215
215 -&gt;   Toplam : 215
215 -&gt;   Toplam : 215
215 -&gt;   Toplam : 215
215 -&gt;   Toplam : 215
215 -&gt;   Toplam : 215
215 -&gt;   Toplam : 215
215 -&gt;   Toplam : 215
215 -&gt;   Toplam : 215
215 -&gt;   Toplam : 215
215 -&gt;   Toplam : 215
215 -&gt;   Toplam : 215
215 -&gt;   Toplam : 215
215 -&gt;   Toplam : 215
215 -&gt;   Toplam : 215
215 -&gt;   Toplam : 215
215 -&gt;   Toplam : 215
215 -&gt;   Toplam : 215
215 -&gt;   Toplam : 215
215 -&gt;   Toplam : 215
215 -&gt;   Toplam : 215
215 -&gt;   Toplam : 215
215 -&gt;   Toplam : 215
215 -&gt;   Toplam : 215
215 -&gt;   Toplam : 215
215 -&gt;   Toplam : 215
215 -&gt;   Toplam : 215
215 -&gt;   Toplam : 215
215 -&gt;   Toplam : 215
215 -&gt;   Toplam : 215
215 -&gt;   Toplam : 215
215 -&gt;   Toplam : 215
215 -&gt;   Toplam : 215
215 -&gt;   Toplam : 215
215 -&gt;   Toplam : 215
215 -&gt;   Toplam : 215
215 -&gt;   Toplam : 215
215 -&gt;   Toplam : 215
215 -&gt;   Toplam : 215
215 -&gt;   Toplam : 215
215 -&gt;   Toplam : 215
215 -&gt;   Toplam : 215
215 -&gt;   Toplam : 215
215 -&gt;   Toplam : 215
215 -&gt;   Toplam : 215
215 -&gt;   Toplam : 215
215 -&gt;   Toplam : 215
215 -&gt;   Toplam : 215
215 -&gt;   Toplam : 215
215 -&gt;   Toplam : 215
215 -&gt;   Toplam : 215
215 -&gt;   Toplam : 215
215 -&gt;   Toplam : 215
215 -&gt;   Toplam : 215
215 -&gt;   Toplam : 215
215 -&gt;   Toplam : 215
215 -&gt;   Toplam : 215
215 -&gt;   Toplam : 215
215 -&gt;   Toplam : 215
215 -&gt;   Toplam : 215
215 -&gt;   Toplam : 215
215 -&gt;   Toplam : 215
215 -&gt;   Toplam : 215
215 -&gt;   Toplam : 215
215 -&gt;   Toplam : 215
215 -&gt;   Toplam : 215
215 -&gt;   Toplam : 215
215 -&gt;   Toplam : 215
215 -&gt;   Toplam : 215
215 -&gt;   Toplam : 215
215 -&gt;   Toplam : 215
215 -&gt;   Toplam : 215
215 -&gt;   Toplam : 215
215 -&gt;   Toplam : 215
215 -&gt;   Toplam : 215
215 -&gt;   Toplam : 215
215 -&gt;   Toplam : 215
215 -&gt;   Toplam : 215
215 -&gt;   Toplam : 215
215 -&gt;   Toplam : 215
215 -&gt;   Toplam : 215
215 -&gt;   Toplam : 215
215 -&gt;   Toplam : 215
215 -&gt;   Toplam : 215
215 -&gt;   Toplam : 215
215 -&gt;   Toplam : 215
215 -&gt;   Toplam : 215
215 -&gt;   Toplam : 215
215 -&gt;   Toplam : 215
215 -&gt;   Toplam : 215
215 -&gt;   Toplam : 215
215 -&gt;   Toplam : 215
215 -&gt;   Toplam : 215
215 -&gt;   Toplam : 215
215 -&gt;   Toplam : 215
215 -&gt;   Toplam : 215
215 -&gt;   Toplam : 215
215 -&gt;   Toplam : 215
215 -&gt;   Toplam : 215
215 -&gt;   Toplam : 215
215 -&gt;   Toplam : 215
215 -&gt;   Toplam : 215
215 -&gt;   Toplam : 215
215 -&gt;   Toplam : 215
215 -&gt;   Toplam : 215
215 -&gt;   Toplam : 215
215 -&gt;   Toplam : 215
215 -&gt;   Toplam : 215
215 -&gt;   Toplam : 215
215 -&gt;   Toplam : 215
215 -&gt;   Toplam : 215
215 -&gt;   Toplam : 215
215 -&gt;   Toplam : 215
215 -&gt;   Toplam : 215
215 -&gt;   Toplam : 215
215 -&gt;   Toplam : 215
215 -&gt;   Toplam : 215
215 -&gt;   Toplam : 215
215 -&gt;   Toplam : 215
215 -&gt;   Toplam : 215
215 -&gt;   Toplam : 215
215 -&gt;   Toplam : 215
215 -&gt;   Toplam : 215
215 -&gt;   Toplam : 215
215 -&gt;   Toplam : 215
215 -&gt;   Toplam : 215
215 -&gt;   Toplam : 215
215 -&gt;   Toplam : 215
215 -&gt;   Toplam : 215
215 -&gt;   Toplam : 215
215 -&gt;   Toplam : 215
215 -&gt;   Toplam : 215
215 -&gt;   Toplam : 215
215 -&gt;   Toplam : 215
215 -&gt;   Toplam : 215
215 -&gt;   Toplam : 215
215 -&gt;   Toplam : 215
215 -&gt;   Toplam : 215
215 -&gt;   Toplam : 215
215 -&gt;   Toplam : 215
215 -&gt;   Toplam : 215
215 -&gt;   Toplam : 215
215 -&gt;   Toplam : 215
215 -&gt;   Toplam : 215
215 -&gt;   Toplam : 215
215 -&gt;   Toplam : 215
215 -&gt;   Toplam : 215
215 -&gt;   Toplam : 215
215 -&gt;   Toplam : 215
215 -&gt;   Toplam : 215
215 -&gt;   Toplam : 215
215 -&gt;   Toplam : 215
215 -&gt;   Toplam : 215
215 -&gt;   Toplam : 215
215 -&gt;   Toplam : 215
215 -&gt;   Toplam : 215
215 -&gt;   Toplam : 215
215 -&gt;   Toplam : 215
215 -&gt;   Toplam : 215
215 -&gt;   Toplam : 215
215 -&gt;   Toplam : 215
215 -&gt;   Toplam : 215
215 -&gt;   Toplam : 215
215 -&gt;   Toplam : 215
215 -&gt;   Toplam : 215
215 -&gt;   Toplam : 215
215 -&gt;   Toplam : 215
215 -&gt;   Toplam : 215
215 -&gt;   Toplam : 215
215 -&gt;   Toplam : 215
215 -&gt;   Toplam : 215
215 -&gt;   Toplam : 215
215 -&gt;   Toplam : 215
215 -&gt;   Toplam : 215
215 -&gt;   Toplam : 215
215 -&gt;   Toplam : 215
215 -&gt;   Toplam : 215
215 -&gt;   Toplam : 215
215 -&gt;   Toplam : 215
215 -&gt;   Toplam : 215
215 -&gt;   Toplam : 215
215 -&gt;   Toplam : 215
215 -&gt;   Toplam : 215
215 -&gt;   Toplam : 215
215 -&gt;   Toplam : 215
215 -&gt;   Toplam : 215
215 -&gt;   Toplam : 215
215 -&gt;   Toplam : 215
215 -&gt;   Toplam : 215
215 -&gt;   Toplam : 215
215 -&gt;   Toplam : 215
215 -&gt;   Toplam : 215
215 -&gt;   Toplam : 215
215 -&gt;   Toplam : 215
215 -&gt;   Toplam : 215
215 -&gt;   Toplam : 215
215 -&gt;   Toplam : 215
215 -&gt;   Toplam : 215
215 -&gt;   Toplam : 215
215 -&gt;   Toplam : 215
215 -&gt;   Toplam : 215
215 -&gt;   Toplam : 215
215 -&gt;   Toplam : 215
215 -&gt;   Toplam : 215
215 -&gt;   Toplam : 215
215 -&gt;   Toplam : 215
215 -&gt;   Toplam : 215
215 -&gt;   Toplam : 215
215 -&gt;   Toplam : 215
215 -&gt;   Toplam : 215
215 -&gt;   Toplam : 215
215 -&gt;   Toplam : 215
215 -&gt;   Toplam : 215
215 -&gt;   Toplam : 215
215 -&gt;   Toplam : 215
215 -&gt;   Toplam : 215
215 -&gt;   Toplam : 215
215 -&gt;   Toplam : 215
215 -&gt;   Toplam : 215
215 -&gt;   Toplam : 215
215 -&gt;   Toplam : 215
215 -&gt;   Toplam : 215
215 -&gt;   Toplam : 215
215 -&gt;   Toplam : 215
215 -&gt;   Toplam : 215
215 -&gt;   Toplam : 215
215 -&gt;   Toplam : 215
215 -&gt;   Toplam : 215
215 -&gt;   Toplam : 215
215 -&gt;   Toplam : 215
215 -&gt;   Toplam : 215
215 -&gt;   Toplam : 215
215 -&gt;   Toplam : 215
215 -&gt;   Toplam : 215
215 -&gt;   Toplam : 215
215 -&gt;   Toplam : 215
215 -&gt;   Toplam : 215
215 -&gt;   Toplam : 215
215 -&gt;   Toplam : 215
215 -&gt;   Toplam : 215
215 -&gt;   Toplam : 215
215 -&gt;   Toplam : 215
215 -&gt;   Toplam : 215
215 -&gt;   Toplam : 215
215 -&gt;   Toplam : 215
215 -&gt;   Toplam : 215
215 -&gt;   Toplam : 215
215 -&gt;   Toplam : 215
215 -&gt;   Toplam : 215
215 -&gt;   Toplam : 215
215 -&gt;   Toplam : 215
215 -&gt;   Toplam : 215
215 -&gt;   Toplam : 215
215 -&gt;   Toplam : 215
215 -&gt;   Toplam : 215
215 -&gt;   Toplam : 215
215 -&gt;   Toplam : 215
215 -&gt;   Toplam : 215
215 -&gt;   Toplam : 215
215 -&gt;   Toplam : 215
215 -&gt;   Toplam : 215
215 -&gt;   Toplam : 215
215 -&gt;   Toplam : 215
215 -&gt;   Toplam : 215
215 -&gt;   Toplam : 215
215 -&gt;   Toplam : 215
215 -&gt;   Toplam : 215
215 -&gt;   Toplam : 215
215 -&gt;   Toplam : 215
215 -&gt;   Toplam : 215
215 -&gt;   Toplam : 215
215 -&gt;   Toplam : 215
215 -&gt;   Toplam : 215
215 -&gt;   Toplam : 215
215 -&gt;   Toplam : 215
215 -&gt;   Toplam : 215
215 -&gt;   Toplam : 215
215 -&gt;   Toplam : 215
215 -&gt;   Toplam : 215
215 -&gt;   Toplam : 215
215 -&gt;   Toplam : 215
215 -&gt;   Toplam : 215
215 -&gt;   Toplam : 215
215 -&gt;   Toplam : 215
215 -&gt;   Toplam : 215
215 -&gt;   Toplam : 215
215 -&gt;   Toplam : 215
215 -&gt;   Toplam : 215
215 -&gt;   Toplam : 215
215 -&gt;   Toplam : 215
215 -&gt;   Toplam : 215
215 -&gt;   Toplam : 215
215 -&gt;   Toplam : 215
215 -&gt;   Toplam : 215
215 -&gt;   Toplam : 215
215 -&gt;   Toplam : 215
215 -&gt;   Toplam : 215
215 -&gt;   Toplam : 215
215 -&gt;   Toplam : 215
215 -&gt;   Toplam : 215
215 -&gt;   Toplam : 215
215 -&gt;   Toplam : 215
215 -&gt;   Toplam : 215
215 -&gt;   Toplam : 215
215 -&gt;   Toplam : 215
215 -&gt;   Toplam : 215
215 -&gt;   Toplam : 215
215 -&gt;   Toplam : 215
215 -&gt;   Toplam : 215
215 -&gt;   Toplam : 215
215 -&gt;   Toplam : 215
215 -&gt;   Toplam : 215
215 -&gt;   Toplam : 215
215 -&gt;   Toplam : 215
215 -&gt;   Toplam : 215
215 -&gt;   Toplam : 215
215 -&gt;   Toplam : 215
215 -&gt;   Toplam : 215
215 -&gt;   Toplam : 215
215 -&gt;   Toplam : 215
215 -&gt;   Toplam : 215
215 -&gt;   Toplam : 215
215 -&gt;   Toplam : 215
215 -&gt;   Toplam : 215
215 -&gt;   Toplam : 215
215 -&gt;   Toplam : 215
215 -&gt;   Toplam : 215
215 -&gt;   Toplam : 215
215 -&gt;   Toplam : 215
215 -&gt;   Toplam : 215
215 -&gt;   Toplam : 215
215 -&gt;   Toplam : 215
215 -&gt;   Toplam : 215
215 -&gt;   Toplam : 215
215 -&gt;   Toplam : 215
215 -&gt;   Toplam : 215
215 -&gt;   Toplam : 215
215 -&gt;   Toplam : 215
215 -&gt;   Toplam : 215
215 -&gt;   Toplam : 215
215 -&gt;   Toplam : 215
215 -&gt;   Toplam : 215
215 -&gt;   Toplam : 215
215 -&gt;   Toplam : 215
215 -&gt;   Toplam : 215
215 -&gt;   Toplam : 215
215 -&gt;   Toplam : 215
215 -&gt;   Toplam : 215
215 -&gt;   Toplam : 215
215 -&gt;   Toplam : 215
215 -&gt;   Toplam : 215
215 -&gt;   Toplam : 215
215 -&gt;   Toplam : 215
215 -&gt;   Toplam : 215
215 -&gt;   Toplam : 215
215 -&gt;   Toplam : 215
215 -&gt;   Toplam : 215
215 -&gt;   Toplam : 215
215 -&gt;   Toplam : 215
215 -&gt;   Toplam : 215
215 -&gt;   Toplam : 215
215 -&gt;   Toplam : 215
215 -&gt;   Toplam : 215
215 -&gt;   Toplam : 215
215 -&gt;   Toplam : 215
215 -&gt;   Toplam : 215
215 -&gt;   Toplam : 215
215 -&gt;   Toplam : 215
215 -&gt;   Toplam : 215
215 -&gt;   Toplam : 215
215 -&gt;   Toplam : 215
215 -&gt;   Toplam : 215
215 -&gt;   Toplam : 215
215 -&gt;   Toplam : 215
215 -&gt;   Toplam : 215
215 -&gt;   Toplam : 215
215 -&gt;   Toplam : 215
215 -&gt;   Toplam : 215
215 -&gt;   Toplam : 215
215 -&gt;   Toplam : 215
215 -&gt;   Toplam : 215
215 -&gt;   Toplam : 215
215 -&gt;   Toplam : 215
215 -&gt;   Toplam : 215
215 -&gt;   Toplam : 215
215 -&gt;   Toplam : 215
215 -&gt;   Toplam : 215
215 -&gt;   Toplam : 215
215 -&gt;   Toplam : 215
215 -&gt;   Toplam : 215
215 -&gt;   Toplam : 215
215 -&gt;   Toplam : 215
215 -&gt;   Toplam : 215
215 -&gt;   Toplam : 215
215 -&gt;   Toplam : 215
215 -&gt;   Toplam : 215
215 -&gt;   Toplam : 215
215 -&gt;   Toplam : 215
215 -&gt;   Toplam : 215
215 -&gt;   Toplam : 215
215 -&gt;   Toplam : 215
215 -&gt;   Toplam : 215
215 -&gt;   Toplam : 215
215 -&gt;   Toplam : 215
215 -&gt;   Toplam : 215
215 -&gt;   Toplam : 215
215 -&gt;   Toplam : 215
215 -&gt;   Toplam : 215
215 -&gt;   Toplam : 215
215 -&gt;   Toplam : 215
215 -&gt;   Toplam : 215
215 -&gt;   Toplam : 215
215 -&gt;   Toplam : 215
215 -&gt;   Toplam : 215
215 -&gt;   Toplam : 215
215 -&gt;   Toplam : 215
215 -&gt;   Toplam : 215
215 -&gt;   Toplam : 215
215 -&gt;   Toplam : 215
215 -&gt;   Toplam : 215
215 -&gt;   Toplam : 215
215 -&gt;   Toplam : 215
215 -&gt;   Toplam : 215
215 -&gt;   Toplam : 215
215 -&gt;   Toplam : 215
215 -&gt;   Toplam : 215
215 -&gt;   Toplam : 215
215 -&gt;   Toplam : 215
215 -&gt;   Toplam : 215
215 -&gt;   Toplam : 215
215 -&gt;   Toplam : 215
215 -&gt;   Toplam : 215
215 -&gt;   Toplam : 215
215 -&gt;   Toplam : 215
215 -&gt;   Toplam : 215
215 -&gt;   Toplam : 215
215 -&gt;   Toplam : 215
215 -&gt;   Toplam : 215
215 -&gt;   Toplam : 215
215 -&gt;   Toplam : 215
215 -&gt;   Toplam : 215
215 -&gt;   Toplam : 215
215 -&gt;   Toplam : 215
215 -&gt;   Toplam : 215
215 -&gt;   Toplam : 215
215 -&gt;   Toplam : 215
215 -&gt;   Toplam : 215
215 -&gt;   Toplam : 215
215 -&gt;   Toplam : 215
215 -&gt;   Toplam : 215
215 -&gt;   Toplam : 215
215 -&gt;   Toplam : 215
215 -&gt;   Toplam : 215
215 -&gt;   Toplam : 215
215 -&gt;   Toplam : 215
215 -&gt;   Toplam : 215
215 -&gt;   Toplam : 215
215 -&gt;   Toplam : 215
215 -&gt;   Toplam : 215
215 -&gt;   Toplam : 215
215 -&gt;   Toplam : 215
215 -&gt;   Toplam : 215
215 -&gt;   Toplam : 215
215 -&gt;   Toplam : 215
215 -&gt;   Toplam : 215
215 -&gt;   Toplam : 215
215 -&gt;   Toplam : 215
215 -&gt;   Toplam : 215
215 -&gt;   Toplam : 215
215 -&gt;   Toplam : 215
215 -&gt;   Toplam : 215
215 -&gt;   Toplam : 215
215 -&gt;   Toplam : 215
215 -&gt;   Toplam : 215
215 -&gt;   Toplam : 215
215 -&gt;   Toplam : 215
215 -&gt;   Toplam : 215
215 -&gt;   Toplam : 215
215 -&gt;   Toplam : 215
215 -&gt;   Toplam : 215
215 -&gt;   Toplam : 215
215 -&gt;   Toplam : 215
215 -&gt;   Toplam : 215
215 -&gt;   Toplam : 215
215 -&gt;   Toplam : 215
215 -&gt;   Toplam : 215
215 -&gt;   Toplam : 215
215 -&gt;   Toplam : 215
215 -&gt;   Toplam : 215
215 -&gt;   Toplam : 215
215 -&gt;   Toplam : 215
215 -&gt;   Toplam : 215
215 -&gt;   Toplam : 215
215 -&gt;   Toplam : 215
215 -&gt;   Toplam : 215
215 -&gt;   Toplam : 215
215 -&gt;   Toplam : 215
215 -&gt;   Toplam : 215
215 -&gt;   Toplam : 215
215 -&gt;   Toplam : 215
215 -&gt;   Toplam : 215
215 -&gt;   Toplam : 215
215 -&gt;   Toplam : 215
215 -&gt;   Toplam : 215
215 -&gt;   Toplam : 215
215 -&gt;   Toplam : 215
215 -&gt;   Toplam : 215
215 -&gt;   Toplam : 215
215 -&gt;   Toplam : 215
215 -&gt;   Toplam : 215
215 -&gt;   Toplam : 215
215 -&gt;   Toplam : 215
215 -&gt;   Toplam : 215
215 -&gt;   Toplam : 215
215 -&gt;   Toplam : 215
215 -&gt;   Toplam : 215
215 -&gt;   Toplam : 215
215 -&gt;   Toplam : 215
215 -&gt;   Toplam : 215
215 -&gt;   Toplam : 215
215 -&gt;   Toplam : 215
215 -&gt;   Toplam : 215
215 -&gt;   Toplam : 215
215 -&gt;   Toplam : 215
215 -&gt;   Toplam : 215
215 -&gt;   Toplam : 215
215 -&gt;   Toplam : 215
215 -&gt;   Toplam : 215
215 -&gt;   Toplam : 215
215 -&gt;   Toplam : 215
215 -&gt;   Toplam : 215
215 -&gt;   Toplam : 215
215 -&gt;   Toplam : 215
215 -&gt;   Toplam : 215
215 -&gt;   Toplam : 215
215 -&gt;   Toplam : 215
215 -&gt;   Toplam : 215
215 -&gt;   Toplam : 215
215 -&gt;   Toplam : 215
215 -&gt;   Toplam : 215
215 -&gt;   Toplam : 215
215 -&gt;   Toplam : 215
215 -&gt;   Toplam : 215
215 -&gt;   Toplam : 215
215 -&gt;   Toplam : 215
215 -&gt;   Toplam : 215
215 -&gt;   Toplam : 215
215 -&gt;   Toplam : 215
215 -&gt;   Toplam : 215
215 -&gt;   Toplam : 215
215 -&gt;   Toplam : 215
215 -&gt;   Toplam : 215
215 -&gt;   Toplam : 215
215 -&gt;   Toplam : 215
215 -&gt;   Toplam : 215
215 -&gt;   Toplam : 215
215 -&gt;   Toplam : 215
215 -&gt;   Toplam : 215
215 -&gt;   Toplam : 215
215 -&gt;   Toplam : 215
215 -&gt;   Toplam : 215
215 -&gt;   Toplam : 215
215 -&gt;   Toplam : 215
215 -&gt;   Toplam : 215
215 -&gt;   Toplam : 215
215 -&gt;   Toplam : 215
215 -&gt;   Toplam : 215
215 -&gt;   Toplam : 215
215 -&gt;   Toplam : 215
215 -&gt;   Toplam : 215
215 -&gt;   Toplam : 215
215 -&gt;   Toplam : 215
215 -&gt;   Toplam : 215
215 -&gt;   Toplam : 215
215 -&gt;   Toplam : 215
215 -&gt;   Toplam : 215
215 -&gt;   Toplam : 215
215 -&gt;   Toplam : 215
215 -&gt;   Toplam : 215
215 -&gt;   Toplam : 215
215 -&gt;   Toplam : 215
215 -&gt;   Toplam : 215
215 -&gt;   Toplam : 215
215 -&gt;   Toplam : 215
215 -&gt;   Toplam : 215
215 -&gt;   Toplam : 215
215 -&gt;   Toplam : 215
215 -&gt;   Toplam : 215
215 -&gt;   Toplam : 215
215 -&gt;   Toplam : 215
215 -&gt;   Toplam : 215
215 -&gt;   Toplam : 215
215 -&gt;   Toplam : 215
215 -&gt;   Toplam : 215
215 -&gt;   Toplam : 215
215 -&gt;   Toplam : 215
215 -&gt;   Toplam : 215
215 -&gt;   Toplam : 215
215 -&gt;   Toplam : 215
215 -&gt;   Toplam : 215
215 -&gt;   Toplam : 215
215 -&gt;   Toplam : 215
215 -&gt;   Toplam : 215
215 -&gt;   Toplam : 215
215 -&gt;   Toplam : 215
215 -&gt;   Toplam : 215
215 -&gt;   Toplam : 215
215 -&gt;   Toplam : 215
215 -&gt;   Toplam : 215
215 -&gt;   Toplam : 215
215 -&gt;   Toplam : 215
215 -&gt;   Toplam : 215
215 -&gt;   Toplam : 215
215 -&gt;   Toplam : 215
215 -&gt;   Toplam : 215
215 -&gt;   Toplam : 215
215 -&gt;   Toplam : 215
215 -&gt;   Toplam : 215
215 -&gt;   Toplam : 215
215 -&gt;   Toplam : 215
215 -&gt;   Toplam : 215
215 -&gt;   Toplam : 215
215 -&gt;   Toplam : 215
215 -&gt;   Toplam : 215
215 -&gt;   Toplam : 215
215 -&gt;   Toplam : 215
215 -&gt;   Toplam : 215
215 -&gt;   Toplam : 215
215 -&gt;   Toplam : 215
215 -&gt;   Toplam : 215
215 -&gt;   Toplam : 215
215 -&gt;   Toplam : 215
215 -&gt;   Toplam : 215
215 -&gt;   Toplam : 215
215 -&gt;   Toplam : 215
215 -&gt;   Toplam : 215
215 -&gt;   Toplam : 215
215 -&gt;   Toplam : 215
215 -&gt;   Toplam : 215
215 -&gt;   Toplam : 215
215 -&gt;   Toplam : 215
215 -&gt;   Toplam : 215
215 -&gt;   Toplam : 215
215 -&gt;   Toplam : 215
215 -&gt;   Toplam : 215
215 -&gt;   Toplam : 215
215 -&gt;   Toplam : 215
215 -&gt;   Toplam : 215
215 -&gt;   Toplam : 215
215 -&gt;   Toplam : 215
215 -&gt;   Toplam : 215
215 -&gt;   Toplam : 215
215 -&gt;   Toplam : 215
215 -&gt;   Toplam : 215
215 -&gt;   Toplam : 215
215 -&gt;   Toplam : 215
215 -&gt;   Toplam : 215
215 -&gt;   Toplam : 215
215 -&gt;   Toplam : 215
215 -&gt;   Toplam : 215
215 -&gt;   Toplam : 215
215 -&gt;   Toplam : 215
215 -&gt;   Toplam : 215
215 -&gt;   Toplam : 215
215 -&gt;   Toplam : 215
215 -&gt;   Toplam : 215
215 -&gt;   Toplam : 215
215 -&gt;   Toplam : 215
215 -&gt;   Toplam : 215
215 -&gt;   Toplam : 215
215 -&gt;   Toplam : 215
215 -&gt;   Toplam : 215
215 -&gt;   Toplam : 215
215 -&gt;   Toplam : 215
215 -&gt;   Toplam : 215
215 -&gt;   Toplam : 215
215 -&gt;   Toplam : 215
215 -&gt;   Toplam : 215
215 -&gt;   Toplam : 215
215 -&gt;   Toplam : 215
215 -&gt;   Toplam : 215
215 -&gt;   Toplam : 215
215 -&gt;   Toplam : 215
215 -&gt;   Toplam : 215
215 -&gt;   Toplam : 215
215 -&gt;   Toplam : 215
215 -&gt;   Toplam : 215
215 -&gt;   Toplam : 215
215 -&gt;   Toplam : 215
215 -&gt;   Toplam : 215
215 -&gt;   Toplam : 215
215 -&gt;   Toplam : 215
215 -&gt;   Toplam : 215
215 -&gt;   Toplam : 215
215 -&gt;   Toplam : 215
215 -&gt;   Toplam : 215
215 -&gt;   Toplam : 215
215 -&gt;   Toplam : 215
215 -&gt;   Toplam : 215
215 -&gt;   Toplam : 215
215 -&gt;   Toplam : 215
215 -&gt;   Toplam : 215
215 -&gt;   Toplam : 215
215 -&gt;   Toplam : 215
215 -&gt;   Toplam : 215
215 -&gt;   Toplam : 215
215 -&gt;   Toplam : 215
215 -&gt;   Toplam : 215
215 -&gt;   Toplam : 215
215 -&gt;   Toplam : 215
215 -&gt;   Toplam : 215
215 -&gt;   Toplam : 215
215 -&gt;   Toplam : 215
215 -&gt;   Toplam : 215
215 -&gt;   Toplam : 215
215 -&gt;   Toplam : 215
215 -&gt;   Toplam : 215
215 -&gt;   Toplam : 215
215 -&gt;   Toplam : 215
215 -&gt;   Toplam : 215
215 -&gt;   Toplam : 215
215 -&gt;   Toplam : 215
215 -&gt;   Toplam : 215
215 -&gt;   Toplam : 215
215 -&gt;   Toplam : 215
215 -&gt;   Toplam : 215
215 -&gt;   Toplam : 215
215 -&gt;   Toplam : 215
215 -&gt;   Toplam : 215
215 -&gt;   Toplam : 215
215 -&gt;   Toplam : 215
215 -&gt;   Toplam : 215
215 -&gt;   Toplam : 215
215 -&gt;   Toplam : 215
215 -&gt;   Toplam : 215
215 -&gt;   Toplam : 215
215 -&gt;   Toplam : 215
215 -&gt;   Toplam : 215
215 -&gt;   Toplam : 215
215 -&gt;   Toplam : 215
215 -&gt;   Toplam : 215
215 -&gt;   Toplam : 215
215 -&gt;   Toplam : 215
215 -&gt;   Toplam : 215
215 -&gt;   Toplam : 215
215 -&gt;   Toplam : 215
215 -&gt;   Toplam : 215
215 -&gt;   Toplam : 215
215 -&gt;   Toplam : 215
215 -&gt;   Toplam : 215
215 -&gt;   Toplam : 215
215 -&gt;   Toplam : 215
215 -&gt;   Toplam : 215
215 -&gt;   Toplam : 215
215 -&gt;   Toplam : 215
215 -&gt;   Toplam : 215
215 -&gt;   Toplam : 215
215 -&gt;   Toplam : 215
215 -&gt;   Toplam : 215
215 -&gt;   Toplam : 215
215 -&gt;   Toplam : 215
215 -&gt;   Toplam : 215
215 -&gt;   Toplam : 215
215 -&gt;   Toplam : 215
215 -&gt;   Toplam : 215
215 -&gt;   Toplam : 215
215 -&gt;   Toplam : 215
215 -&gt;   Toplam : 215
215 -&gt;   Toplam : 215
215 -&gt;   Toplam : 215
215 -&gt;   Toplam : 215
215 -&gt;   Toplam : 215
215 -&gt;   Toplam : 215
215 -&gt;   Toplam : 215
215 -&gt;   Toplam : 215
215 -&gt;   Toplam : 215
215 -&gt;   Toplam : 215
215 -&gt;   Toplam : 215
215 -&gt;   Toplam : 215
215 -&gt;   Toplam : 215
215 -&gt;   Toplam : 215
215 -&gt;   Toplam : 215
215 -&gt;   Toplam : 215
215 -&gt;   Toplam : 215
215 -&gt;   Toplam : 215
215 -&gt;   Toplam : 215
215 -&gt;   Toplam : 215
215 -&gt;   Toplam : 215
215 -&gt;   Toplam : 215
215 -&gt;   Toplam : 215
215 -&gt;   Toplam : 215
215 -&gt;   Toplam : 215
215 -&gt;   Toplam : 215
215 -&gt;   Toplam : 215
215 -&gt;   Toplam : 215
215 -&gt;   Toplam : 215
215 -&gt;   Toplam : 215
215 -&gt;   Toplam : 215
215 -&gt;   Toplam : 215
215 -&gt;   Toplam : 215
215 -&gt;   Toplam : 215
215 -&gt;   Toplam : 215
215 -&gt;   Toplam : 215
215 -&gt;   Toplam : 215
215 -&gt;   Toplam : 215
215 -&gt;   Toplam : 215
215 -&gt;   Toplam : 215
215 -&gt;   Toplam : 215
215 -&gt;   Toplam : 215
215 -&gt;   Toplam : 215
215 -&gt;   Toplam : 215
215 -&gt;   Toplam : 215
215 -&gt;   Toplam : 215
215 -&gt;   Toplam : 215
215 -&gt;   Toplam : 215
215 -&gt;   Toplam : 215
215 -&gt;   Toplam : 215
215 -&gt;   Toplam : 215
215 -&gt;   Toplam : 215
215 -&gt;   Toplam : 215
215 -&gt;   Toplam : 215
215 -&gt;   Toplam : 215
215 -&gt;   Toplam : 215
215 -&gt;   Toplam : 215
215 -&gt;   Toplam : 215
215 -&gt;   Toplam : 215
215 -&gt;   Toplam : 215
215 -&gt;   Toplam : 215
215 -&gt;   Toplam : 215
215 -&gt;   Toplam : 215
215 -&gt;   Toplam : 215
215 -&gt;   Toplam : 215
215 -&gt;   Toplam : 215
215 -&gt;   Toplam : 215
215 -&gt;   Toplam : 215
215 -&gt;   Toplam : 215
215 -&gt;   Toplam : 215
215 -&gt;   Toplam : 215
215 -&gt;   Toplam : 215
215 -&gt;   Toplam : 215
215 -&gt;   Toplam : 215
215 -&gt;   Toplam : 215
215 -&gt;   Toplam : 215
215 -&gt;   Toplam : 215
215 -&gt;   Toplam : 215
215 -&gt;   Toplam : 215
215 -&gt;   Toplam : 215
215 -&gt;   Toplam : 215
215 -&gt;   Toplam : 215
215 -&gt;   Toplam : 215
215 -&gt;   Toplam : 215
215 -&gt;   Toplam : 215
215 -&gt;   Toplam : 215
215 -&gt;   Toplam : 215
215 -&gt;   Toplam : 215
215 -&gt;   Toplam : 215
215 -&gt;   Toplam : 215
215 -&gt;   Toplam : 215
215 -&gt;   Toplam : 215
215 -&gt;   Toplam : 215
215 -&gt;   Toplam : 215
215 -&gt;   Toplam : 215
215 -&gt;   Toplam : 215
215 -&gt;   Toplam : 215
215 -&gt;   Toplam : 215
215 -&gt;   Toplam : 215
215 -&gt;   Toplam : 215
215 -&gt;   Toplam : 215
215 -&gt;   Toplam : 215
215 -&gt;   Toplam : 215
215 -&gt;   Toplam : 215
215 -&gt;   Toplam : 215
215 -&gt;   Toplam : 215
215 -&gt;   Toplam : 215
215 -&gt;   Toplam : 215
215 -&gt;   Toplam : 215
215 -&gt;   Toplam : 215
215 -&gt;   Toplam : 215
215 -&gt;   Toplam : 215
215 -&gt;   Toplam : 215
215 -&gt;   Toplam : 215
215 -&gt;   Toplam : 215
215 -&gt;   Toplam : 215
215 -&gt;   Toplam : 215
215 -&gt;   Toplam : 215
215 -&gt;   Toplam : 215
215 -&gt;   Toplam : 215
215 -&gt;   Toplam : 215
215 -&gt;   Toplam : 215
215 -&gt;   Toplam : 215
215 -&gt;   Toplam : 215
215 -&gt;   Toplam : 215
215 -&gt;   Toplam : 215
215 -&gt;   Toplam : 215
215 -&gt;   Toplam : 215
215 -&gt;   Toplam : 215
215 -&gt;   Toplam : 215
215 -&gt;   Toplam : 215
215 -&gt;   Toplam : 215
215 -&gt;   Toplam : 215
215 -&gt;   Toplam : 215
215 -&gt;   Toplam : 215
215 -&gt;   Toplam : 215
215 -&gt;   Toplam : 215
215 -&gt;   Toplam : 215
215 -&gt;   Toplam : 215
215 -&gt;   Toplam : 215
215 -&gt;   Toplam : 215
215 -&gt;   Toplam : 215
215 -&gt;   Toplam : 215
215 -&gt;   Toplam : 215
215 -&gt;   Toplam : 215
215 -&gt;   Toplam : 215
215 -&gt;   Toplam : 215
215 -&gt;   Toplam : 215
215 -&gt;   Toplam : 215
215 -&gt;   Toplam : 215
215 -&gt;   Toplam : 215
215 -&gt;   Toplam : 215
215 -&gt;   Toplam : 215
215 -&gt;   Toplam : 215
215 -&gt;   Toplam : 215
215 -&gt;   Toplam : 215
215 -&gt;   Toplam : 215
215 -&gt;   Toplam : 215
215 -&gt;   Toplam : 215
215 -&gt;   Toplam : 215
215 -&gt;   Toplam : 215
215 -&gt;   Toplam : 215
215 -&gt;   Toplam : 215
215 -&gt;   Toplam : 215
215 -&gt;   Toplam : 215
215 -&gt;   Toplam : 215
215 -&gt;   Toplam : 215
215 -&gt;   Toplam : 215
215 -&gt;   Toplam : 215
215 -&gt;   Toplam : 215
215 -&gt;   Toplam : 215
215 -&gt;   Toplam : 215
215 -&gt;   Toplam : 215
215 -&gt;   Toplam : 215
215 -&gt;   Toplam : 215
215 -&gt;   Toplam : 215
215 -&gt;   Toplam : 215
215 -&gt;   Toplam : 215
215 -&gt;   Toplam : 215
215 -&gt;   Toplam : 215
215 -&gt;   Toplam : 215
215 -&gt;   Toplam : 215
215 -&gt;   Toplam : 215
215 -&gt;   Toplam : 215
215 -&gt;   Toplam : 215
215 -&gt;   Toplam : 215
215 -&gt;   Toplam : 215
215 -&gt;   Toplam : 215
215 -&gt;   Toplam : 215
215 -&gt;   Toplam : 215
215 -&gt;   Toplam : 215
215 -&gt;   Toplam : 215
215 -&gt;   Toplam : 215
215 -&gt;   Toplam : 215
215 -&gt;   Toplam : 215
215 -&gt;   Toplam : 215
215 -&gt;   Toplam : 215
215 -&gt;   Toplam : 215
215 -&gt;   Toplam : 215
215 -&gt;   Toplam : 215
215 -&gt;   Toplam : 215
215 -&gt;   Toplam : 215
215 -&gt;   Toplam : 215
215 -&gt;   Toplam : 215
215 -&gt;   Toplam : 215
215 -&gt;   Toplam : 215
215 -&gt;   Toplam : 215
215 -&gt;   Toplam : 215
215 -&gt;   Toplam : 215
215 -&gt;   Toplam : 215
215 -&gt;   Toplam : 215
215 -&gt;   Toplam : 215
215 -&gt;   Toplam : 215
215 -&gt;   Toplam : 215
215 -&gt;   Toplam : 215
215 -&gt;   Toplam : 215
215 -&gt;   Toplam : 215
215 -&gt;   Toplam : 215
215 -&gt;   Toplam : 215
215 -&gt;   Toplam : 215
215 -&gt;   Toplam : 215
215 -&gt;   Toplam : 215
215 -&gt;   Toplam : 215
215 -&gt;   Toplam : 215
215 -&gt;   Toplam : 215
215 -&gt;   Toplam : 215
215 -&gt;   Toplam : 215
215 -&gt;   Toplam : 215
215 -&gt;   Toplam : 215
215 -&gt;   Toplam : 215
215 -&gt;   Toplam : 215
215 -&gt;   Toplam : 215
215 -&gt;   Toplam : 215
215 -&gt;   Toplam : 215
215 -&gt;   Toplam : 215
215 -&gt;   Toplam : 215
215 -&gt;   Toplam : 215
215 -&gt;   Toplam : 215
215 -&gt;   Toplam : 215
215 -&gt;   Toplam : 215
215 -&gt;   Toplam : 215
215 -&gt;   Toplam : 215
215 -&gt;   Toplam : 215
215 -&gt;   Toplam : 215
215 -&gt;   Toplam : 215
215 -&gt;   Toplam : 215
215 -&gt;   Toplam : 215
215 -&gt;   Toplam : 215
215 -&gt;   Toplam : 215
215 -&gt;   Toplam : 215
215 -&gt;   Toplam : 215
215 -&gt;   Toplam : 215
215 -&gt;   Toplam : 215
215 -&gt;   Toplam : 215
215 -&gt;   Toplam : 215
215 -&gt;   Toplam : 215
215 -&gt;   Toplam : 215
215 -&gt;   Toplam : 215
215 -&gt;   Toplam : 215
215 -&gt;   Toplam : 215
215 -&gt;   Toplam : 215
215 -&gt;   Toplam : 215
215 -&gt;   Toplam : 215
215 -&gt;   Toplam : 215
215 -&gt;   Toplam : 215
215 -&gt;   Toplam : 215
215 -&gt;   Toplam : 215
215 -&gt;   Toplam : 215
215 -&gt;   Toplam : 215
215 -&gt;   Toplam : 215
215 -&gt;   Toplam : 215
215 -&gt;   Toplam : 215
215 -&gt;   Toplam : 215
215 -&gt;   Toplam : 215
215 -&gt;   Toplam : 215
215 -&gt;   Toplam : 215
215 -&gt;   Toplam : 215
215 -&gt;   Toplam : 215
215 -&gt;   Toplam : 215
215 -&gt;   Toplam : 215
215 -&gt;   Toplam : 215
215 -&gt;   Toplam : 215
215 -&gt;   Toplam : 215
215 -&gt;   Toplam : 215
215 -&gt;   Toplam : 215
215 -&gt;   Toplam : 215
215 -&gt;   Toplam : 215
215 -&gt;   Toplam : 215
215 -&gt;   Toplam : 215
215 -&gt;   Toplam : 215
215 -&gt;   Toplam : 215
215 -&gt;   Toplam : 215
215 -&gt;   Toplam : 215
215 -&gt;   Toplam : 215
215 -&gt;   Toplam : 215
215 -&gt;   Toplam : 215
215 -&gt;   Toplam : 215
215 -&gt;   Toplam : 215
215 -&gt;   Toplam : 215
215 -&gt;   Toplam : 215
215 -&gt;   Toplam : 215
215 -&gt;   Toplam : 215
215 -&gt;   Toplam : 215
215 -&gt;   Toplam : 215
215 -&gt;   Toplam : 215
215 -&gt;   Toplam : 215
215 -&gt;   Toplam : 215
215 -&gt;   Toplam : 215
215 -&gt;   Toplam : 215
215 -&gt;   Toplam : 215
215 -&gt;   Toplam : 215
215 -&gt;   Toplam : 215
215 -&gt;   Toplam : 215
215 -&gt;   Toplam : 215
215 -&gt;   Toplam : 215
215 -&gt;   Toplam : 215
215 -&gt;   Toplam : 215
215 -&gt;   Toplam : 215
215 -&gt;   Toplam : 215
215 -&gt;   Toplam : 215
215 -&gt;   Toplam : 215
215 -&gt;   Toplam : 215
215 -&gt;   Toplam : 215
215 -&gt;   Toplam : 215
215 -&gt;   Toplam : 215
215 -&gt;   Toplam : 215
215 -&gt;   Toplam : 215
215 -&gt;   Toplam : 215
215 -&gt;   Toplam : 215
215 -&gt;   Toplam : 215
215 -&gt;   Toplam : 215
215 -&gt;   Toplam : 215
215 -&gt;   Toplam : 215
215 -&gt;   Toplam : 215
215 -&gt;   Toplam : 215
215 -&gt;   Toplam : 215
215 -&gt;   Toplam : 215
215 -&gt;   Toplam : 215
215 -&gt;   Toplam : 215
215 -&gt;   Toplam : 215
215 -&gt;   Toplam : 215
215 -&gt;   Toplam : 215
215 -&gt;   Toplam : 215
215 -&gt;   Toplam : 215
215 -&gt;   Toplam : 215
215 -&gt;   Toplam : 215
215 -&gt;   Toplam : 215
215 -&gt;   Toplam : 215
215 -&gt;   Toplam : 215
215 -&gt;   Toplam : 215
215 -&gt;   Toplam : 215
215 -&gt;   Toplam : 215
215 -&gt;   Toplam : 215
215 -&gt;   Toplam : 215
215 -&gt;   Toplam : 215
215 -&gt;   Toplam : 215
215 -&gt;   Toplam : 215
215 -&gt;   Toplam : 215
215 -&gt;   Toplam : 215
215 -&gt;   Toplam : 215
215 -&gt;   Toplam : 215
215 -&gt;   Toplam : 215
215 -&gt;   Toplam : 215
215 -&gt;   Toplam : 215
215 -&gt;   Toplam : 215
215 -&gt;   Toplam : 215
215 -&gt;   Toplam : 215
215 -&gt;   Toplam : 215
215 -&gt;   Toplam : 215
215 -&gt;   Toplam : 215
215 -&gt;   Toplam : 215
215 -&gt;   Toplam : 215
215 -&gt;   Toplam : 215
215 -&gt;   Toplam : 215
215 -&gt;   Toplam : 215
215 -&gt;   Toplam : 215
215 -&gt;   Toplam : 215
215 -&gt;   Toplam : 215
215 -&gt;   Toplam : 215
215 -&gt;   Toplam : 215
215 -&gt;   Toplam : 215
215 -&gt;   Toplam : 215
215 -&gt;   Toplam : 215
215 -&gt;   Toplam : 215
215 -&gt;   Toplam : 215
215 -&gt;   Toplam : 215
215 -&gt;   Toplam : 215
215 -&gt;   Toplam : 215
215 -&gt;   Toplam : 215
215 -&gt;   Toplam : 215
215 -&gt;   Toplam : 215
215 -&gt;   Toplam : 215
215 -&gt;   Toplam : 215
215 -&gt;   Toplam : 215
215 -&gt;   Toplam : 215
215 -&gt;   Toplam : 215
215 -&gt;   Toplam : 215
215 -&gt;   Toplam : 215
215 -&gt;   Toplam : 215
215 -&gt;   Toplam : 215
215 -&gt;   Toplam : 215
215 -&gt;   Toplam : 215
215 -&gt;   Toplam : 215
215 -&gt;   Toplam : 215
215 -&gt;   Toplam : 215
215 -&gt;   Toplam : 215
215 -&gt;   Toplam : 215
215 -&gt;   Toplam : 215
215 -&gt;   Toplam : 215
215 -&gt;   Toplam : 215
215 -&gt;   Toplam : 215
215 -&gt;   Toplam : 215
215 -&gt;   Toplam : 215
215 -&gt;   Toplam : 215
215 -&gt;   Toplam : 215
215 -&gt;   Toplam : 215
215 -&gt;   Toplam : 215
215 -&gt;   Toplam : 215
215 -&gt;   Toplam : 215
215 -&gt;   Toplam : 215
215 -&gt;   Toplam : 215
215 -&gt;   Toplam : 215
215 -&gt;   Toplam : 215
215 -&gt;   Toplam : 215
215 -&gt;   Toplam : 215
215 -&gt;   Toplam : 215
215 -&gt;   Toplam : 215
215 -&gt;   Toplam : 215
215 -&gt;   Toplam : 215
215 -&gt;   Toplam : 215
215 -&gt;   Toplam : 215
215 -&gt;   Toplam : 215
215 -&gt;   Toplam : 215
215 -&gt;   Toplam : 215
215 -&gt;   Toplam : 215
215 -&gt;   Toplam : 215
215 -&gt;   Toplam : 215
215 -&gt;   Toplam : 215
215 -&gt;   Toplam : 215
215 -&gt;   Toplam : 215
215 -&gt;   Toplam : 215
215 -&gt;   Toplam : 215
215 -&gt;   Toplam : 215
215 -&gt;   Toplam : 215
215 -&gt;   Toplam : 215
215 -&gt;   Toplam : 215
215 -&gt;   Toplam : 215
215 -&gt;   Toplam : 215
215 -&gt;   Toplam : 215
215 -&gt;   Toplam : 215
215 -&gt;   Toplam : 215
215 -&gt;   Toplam : 215
215 -&gt;   Toplam : 215
215 -&gt;   Toplam : 215
215 -&gt;   Toplam : 215
215 -&gt;   Toplam : 215
215 -&gt;   Toplam : 215
215 -&gt;   Toplam : 215
215 -&gt;   Toplam : 215
215 -&gt;   Toplam : 215
215 -&gt;   Toplam : 215
215 -&gt;   Toplam : 215
215 -&gt;   Toplam : 215
215 -&gt;   Toplam : 215
215 -&gt;   Toplam : 215
215 -&gt;   Toplam : 215
215 -&gt;   Toplam : 215
215 -&gt;   Toplam : 215
215 -&gt;   Toplam : 215
215 -&gt;   Toplam : 215
215 -&gt;   Toplam : 215
215 -&gt;   Toplam : 215
215 -&gt;   Toplam : 215
215 -&gt;   Toplam : 215
215 -&gt;   Toplam : 215
215 -&gt;   Toplam : 215
215 -&gt;   Toplam : 215
215 -&gt;   Toplam : 215
215 -&gt;   Toplam : 215
215 -&gt;   Toplam : 215
215 -&gt;   Toplam : 215
215 -&gt;   Toplam : 215
215 -&gt;   Toplam : 215
215 -&gt;   Toplam : 215
215 -&gt;   Toplam : 215
215 -&gt;   Toplam : 215
215 -&gt;   Toplam : 215
215 -&gt;   Toplam : 215
215 -&gt;   Toplam : 215
215 -&gt;   Toplam : 215
215 -&gt;   Toplam : 215
215 -&gt;   Toplam : 215
215 -&gt;   Toplam : 215
215 -&gt;   Toplam : 215
215 -&gt;   Toplam : 215
215 -&gt;   Toplam : 215
215 -&gt;   Toplam : 215
215 -&gt;   Toplam : 215
215 -&gt;   Toplam : 215
215 -&gt;   Toplam : 215
215 -&gt;   Toplam : 215
215 -&gt;   Toplam : 215
215 -&gt;   Toplam : 215
215 -&gt;   Toplam : 215
215 -&gt;   Toplam : 215
215 -&gt;   Toplam : 215
215 -&gt;   Toplam : 215
215 -&gt;   Toplam : 215
215 -&gt;   Toplam : 215
215 -&gt;   Toplam : 215
215 -&gt;   Toplam : 215
215 -&gt;   Toplam : 215
215 -&gt;   Toplam : 215
215 -&gt;   Toplam : 215
215 -&gt;   Toplam : 215
215 -&gt;   Toplam : 215
215 -&gt;   Toplam : 215
215 -&gt;   Toplam : 215
215 -&gt;   Toplam : 215
215 -&gt;   Toplam : 215
215 -&gt;   Toplam : 215
215 -&gt;   Toplam : 215
215 -&gt;   Toplam : 215
215 -&gt;   Toplam : 215
215 -&gt;   Toplam : 215
215 -&gt;   Toplam : 215
215 -&gt;   Toplam : 215
215 -&gt;   Toplam : 215
215 -&gt;   Toplam : 215
215 -&gt;   Toplam : 215
215 -&gt;   Toplam : 215
215 -&gt;   Toplam : 215
215 -&gt;   Toplam : 215
215 -&gt;   Toplam : 215
215 -&gt;   Toplam : 215
215 -&gt;   Toplam : 215
215 -&gt;   Toplam : 215
215 -&gt;   Toplam : 215
215 -&gt;   Toplam : 215
215 -&gt;   Toplam : 215
215 -&gt;   Toplam : 215
215 -&gt;   Toplam : 215
215 -&gt;   Toplam : 215
215 -&gt;   Toplam : 215
215 -&gt;   Toplam : 215
215 -&gt;   Toplam : 215
215 -&gt;   Toplam : 215
215 -&gt;   Toplam : 215
215 -&gt;   Toplam : 215
215 -&gt;   Toplam : 215
215 -&gt;   Toplam : 215
215 -&gt;   Toplam : 215
215 -&gt;   Toplam : 215
215 -&gt;   Toplam : 215
215 -&gt;   Toplam : 215
215 -&gt;   Toplam : 215
215 -&gt;   Toplam : 215
215 -&gt;   Toplam : 215
215 -&gt;   Toplam : 215
215 -&gt;   Toplam : 215
215 -&gt;   Toplam : 215
215 -&gt;   Toplam : 215
215 -&gt;   Toplam : 215
215 -&gt;   Toplam : 215
215 -&gt;   Toplam : 215
215 -&gt;   Toplam : 215
215 -&gt;   Toplam : 215
215 -&gt;   Toplam : 215
215 -&gt;   Toplam : 215
215 -&gt;   Toplam : 215
215 -&gt;   Toplam : 215
215 -&gt;   Toplam : 215
215 -&gt;   Toplam : 215
215 -&gt;   Toplam : 215
215 -&gt;   Toplam : 215
215 -&gt;   Toplam : 215
215 -&gt;   Toplam : 215
215 -&gt;   Toplam : 215
215 -&gt;   Toplam : 215
215 -&gt;   Toplam : 215
215 -&gt;   Toplam : 215
215 -&gt;   Toplam : 215
215 -&gt;   Toplam : 215
215 -&gt;   Toplam : 215
215 -&gt;   Toplam : 215
215 -&gt;   Toplam : 215
215 -&gt;   Toplam : 215
215 -&gt;   Toplam : 215
215 -&gt;   Toplam : 215
215 -&gt;   Toplam : 215
215 -&gt;   Toplam : 215
215 -&gt;   Toplam : 215
215 -&gt;   Toplam : 215
215 -&gt;   Toplam : 215
215 -&gt;   Toplam : 215
215 -&gt;   Toplam : 215
215 -&gt;   Toplam : 215
215 -&gt;   Toplam : 215
215 -&gt;   Toplam : 215
215 -&gt;   Toplam : 215
215 -&gt;   Toplam : 215
215 -&gt;   Toplam : 215
215 -&gt;   Toplam : 215
215 -&gt;   Toplam : 215
215 -&gt;   Toplam : 215
215 -&gt;   Toplam : 215
215 -&gt;   Toplam : 215
215 -&gt;   Toplam : 215
215 -&gt;   Toplam : 215
215 -&gt;   Toplam : 215
215 -&gt;   Toplam : 215
215 -&gt;   Toplam : 215
215 -&gt;   Toplam : 215
215 -&gt;   Toplam : 215
215 -&gt;   Toplam : 215
215 -&gt;   Toplam : 215
215 -&gt;   Toplam : 215
215 -&gt;   Toplam : 215
215 -&gt;   Toplam : 215
215 -&gt;   Toplam : 215
215 -&gt;   Toplam : 215
215 -&gt;   Toplam : 215
215 -&gt;   Toplam : 215
215 -&gt;   Toplam : 215
215 -&gt;   Toplam : 215
215 -&gt;   Toplam : 215
215 -&gt;   Toplam : 215
215 -&gt;   Toplam : 215
215 -&gt;   Toplam : 215
215 -&gt;   Toplam : 215
215 -&gt;   Toplam : 215
215 -&gt;   Toplam : 215
215 -&gt;   Toplam : 215
215 -&gt;   Toplam : 215
215 -&gt;   Toplam : 215
215 -&gt;   Toplam : 215
215 -&gt;   Toplam : 215
215 -&gt;   Toplam : 215
215 -&gt;   Toplam : 215
215 -&gt;   Toplam : 215
215 -&gt;   Toplam : 215
215 -&gt;   Toplam : 215
215 -&gt;   Toplam : 215
215 -&gt;   Toplam : 215
215 -&gt;   Toplam : 215
215 -&gt;   Toplam : 215
215 -&gt;   Toplam : 215
215 -&gt;   Toplam : 215
215 -&gt;   Toplam : 215
215 -&gt;   Toplam : 215
215 -&gt;   Toplam : 215
215 -&gt;   Toplam : 215
215 -&gt;   Toplam : 215
215 -&gt;   Toplam : 215
215 -&gt;   Toplam : 215
215 -&gt;   Toplam : 215
215 -&gt;   Toplam : 215
215 -&gt;   Toplam : 215
215 -&gt;   Toplam : 215
215 -&gt;   Toplam : 215
215 -&gt;   Toplam : 215
215 -&gt;   Toplam : 215
215 -&gt;   Toplam : 215
215 -&gt;   Toplam : 215
215 -&gt;   Toplam : 215
215 -&gt;   Toplam : 215
215 -&gt;   Toplam : 215
215 -&gt;   Toplam : 215
215 -&gt;   Toplam : 215
215 -&gt;   Toplam : 215
215 -&gt;   Toplam : 215
215 -&gt;   Toplam : 215
215 -&gt;   Toplam : 215
215 -&gt;   Toplam : 215
215 -&gt;   Toplam : 215
215 -&gt;   Toplam : 215
215 -&gt;   Toplam : 215
215 -&gt;   Toplam : 215
215 -&gt;   Toplam : 215
215 -&gt;   Toplam : 215
215 -&gt;   Toplam : 215
215 -&gt;   Toplam : 215
215 -&gt;   Toplam : 215
215 -&gt;   Toplam : 215
215 -&gt;   Toplam : 215
215 -&gt;   Toplam : 215
215 -&gt;   Toplam : 215
215 -&gt;   Toplam : 215
215 -&gt;   Toplam : 215
215 -&gt;   Toplam : 215
215 -&gt;   Toplam : 215
215 -&gt;   Toplam : 215
215 -&gt;   Toplam : 215
215 -&gt;   Toplam : 215
215 -&gt;   Toplam : 215
215 -&gt;   Toplam : 215
215 -&gt;   Toplam : 215
215 -&gt;   Toplam : 215
215 -&gt;   Toplam : 215
215 -&gt;   Toplam : 215
215 -&gt;   Toplam : 215
215 -&gt;   Toplam : 215
215 -&gt;   Toplam : 215
215 -&gt;   Toplam : 215
215 -&gt;   Toplam : 215
215 -&gt;   Toplam : 215
215 -&gt;   Toplam : 215
215 -&gt;   Toplam : 215
215 -&gt;   Toplam : 215
215 -&gt;   Toplam : 215
215 -&gt;   Toplam : 215
215 -&gt;   Toplam : 215
215 -&gt;   Toplam : 215
215 -&gt;   Toplam : 215
215 -&gt;   Toplam : 215
215 -&gt;   Toplam : 215
215 -&gt;   Toplam : 215
215 -&gt;   Toplam : 215
215 -&gt;   Toplam : 215
215 -&gt;   Toplam : 215
215 -&gt;   Toplam : 215
215 -&gt;   Toplam : 215
215 -&gt;   Toplam : 215
215 -&gt;   Toplam : 215
215 -&gt;   Toplam : 215
215 -&gt;   Toplam : 215
215 -&gt;   Toplam : 215
215 -&gt;   Toplam : 215
215 -&gt;   Toplam : 215
215 -&gt;   Toplam : 215
215 -&gt;   Toplam : 215
215 -&gt;   Toplam : 215
215 -&gt;   Toplam : 215
215 -&gt;   Toplam : 215
215 -&gt;   Toplam : 215
215 -&gt;   Toplam : 215
215 -&gt;   Toplam : 215
215 -&gt;   Toplam : 215
215 -&gt;   Toplam : 215
215 -&gt;   Toplam : 215
215 -&gt;   Toplam : 215
215 -&gt;   Toplam : 215
215 -&gt;   Toplam : 215
215 -&gt;   Toplam : 215
215 -&gt;   Toplam : 215
215 -&gt;   Toplam : 215
215 -&gt;   Toplam : 215
215 -&gt;   Toplam : 215
215 -&gt;   Toplam : 215
215 -&gt;   Toplam : 215
215 -&gt;   Toplam : 215
215 -&gt;   Toplam : 215
215 -&gt;   Toplam : 215
215 -&gt;   Toplam : 215
215 -&gt;   Toplam : 215
215 -&gt;   Toplam : 215
215 -&gt;   Toplam : 215
215 -&gt;   Toplam : 215
215 -&gt;   Toplam : 215
215 -&gt;   Toplam : 215
215 -&gt;   Toplam : 215
215 -&gt;   Toplam : 215
215 -&gt;   Toplam : 215
215 -&gt;   Toplam : 215
215 -&gt;   Toplam : 215
215 -&gt;   Toplam : 215
215 -&gt;   Toplam : 215
215 -&gt;   Toplam : 215
215 -&gt;   Toplam : 215
215 -&gt;   Toplam : 215
215 -&gt;   Toplam : 215
215 -&gt;   Toplam : 215
215 -&gt;   Toplam : 215
215 -&gt;   Toplam : 215
215 -&gt;   Toplam : 215
215 -&gt;   Toplam : 215
215 -&gt;   Toplam : 215
215 -&gt;   Toplam : 215
215 -&gt;   Toplam : 215
215 -&gt;   Toplam : 215
215 -&gt;   Toplam : 215
215 -&gt;   Toplam : 215
215 -&gt;   Toplam : 215
215 -&gt;   Toplam : 215
215 -&gt;   Toplam : 215
215 -&gt;   Toplam : 215
215 -&gt;   Toplam : 215
215 -&gt;   Toplam : 215
215 -&gt;   Toplam : 215
215 -&gt;   Toplam : 215
215 -&gt;   Toplam : 215
215 -&gt;   Toplam : 215
215 -&gt;   Toplam : 215
215 -&gt;   Toplam : 215
215 -&gt;   Toplam : 215
215 -&gt;   Toplam : 215
215 -&gt;   Toplam : 215
215 -&gt;   Toplam : 215
215 -&gt;   Toplam : 215
215 -&gt;   Toplam : 215
215 -&gt;   Toplam : 215
215 -&gt;   Toplam : 215
215 -&gt;   Toplam : 215
215 -&gt;   Toplam : 215
215 -&gt;   Toplam : 215
215 -&gt;   Toplam : 215
215 -&gt;   Toplam : 215
215 -&gt;   Toplam : 215
215 -&gt;   Toplam : 215
215 -&gt;   Toplam : 215
215 -&gt;   Toplam : 215
215 -&gt;   Toplam : 215
215 -&gt;   Toplam : 215
215 -&gt;   Toplam : 215
215 -&gt;   Toplam : 215
215 -&gt;   Toplam : 215
215 -&gt;   Toplam : 215
215 -&gt;   Toplam : 215
215 -&gt;   Toplam : 215
215 -&gt;   Toplam : 215
215 -&gt;   Toplam : 215
215 -&gt;   Toplam : 215
215 -&gt;   Toplam : 215
215 -&gt;   Toplam : 215
215 -&gt;   Toplam : 215
215 -&gt;   Toplam : 215
215 -&gt;   Toplam : 215
215 -&gt;   Toplam : 215
215 -&gt;   Toplam : 215
215 -&gt;   Toplam : 215
215 -&gt;   Toplam : 215
[...]
215 -&gt; 124 -&gt; 442 -&gt; 235 -&gt; 345 -&gt; 124 -&gt;   Toplam : 1485
215 -&gt; 124 -&gt; 442 -&gt; 235 -&gt; 345 -&gt; 124 -&gt;   Toplam : 1485
215 -&gt; 124 -&gt; 442 -&gt; 235 -&gt; 345 -&gt; 124 -&gt;   Toplam : 1485
215 -&gt; 124 -&gt; 442 -&gt; 235 -&gt; 345 -&gt; 124 -&gt;   Toplam : 1485
215 -&gt; 124 -&gt; 442 -&gt; 235 -&gt; 345 -&gt; 124 -&gt;   Toplam : 1485
215 -&gt; 124 -&gt; 442 -&gt; 235 -&gt; 345 -&gt; 124 -&gt;   Toplam : 1485
215 -&gt; 124 -&gt; 442 -&gt; 235 -&gt; 345 -&gt; 124 -&gt;   Toplam : 1485
215 -&gt; 124 -&gt; 442 -&gt; 235 -&gt; 345 -&gt; 124 -&gt;   Toplam : 1485
215 -&gt; 124 -&gt; 442 -&gt; 235 -&gt; 345 -&gt; 124 -&gt;   Toplam : 1485
215 -&gt; 124 -&gt; 442 -&gt; 235 -&gt; 345 -&gt; 124 -&gt;   Toplam : 1485
215 -&gt; 124 -&gt; 442 -&gt; 235 -&gt; 345 -&gt; 124 -&gt;   Toplam : 1485
215 -&gt; 124 -&gt; 442 -&gt; 235 -&gt; 345 -&gt; 124 -&gt;   Toplam : 1485
215 -&gt; 124 -&gt; 442 -&gt; 235 -&gt; 345 -&gt; 124 -&gt;   Toplam : 1485
215 -&gt; 124 -&gt; 442 -&gt; 235 -&gt; 345 -&gt; 124 -&gt;   Toplam : 1485
215 -&gt; 124 -&gt; 442 -&gt; 235 -&gt; 345 -&gt; 124 -&gt;   Toplam : 1485
215 -&gt; 124 -&gt; 442 -&gt; 235 -&gt; 345 -&gt; 124 -&gt;   Toplam : 1485
215 -&gt; 124 -&gt; 442 -&gt; 235 -&gt; 345 -&gt; 124 -&gt;   Toplam : 1485
215 -&gt; 124 -&gt; 442 -&gt; 235 -&gt; 345 -&gt; 124 -&gt;   Toplam : 1485
215 -&gt; 124 -&gt; 442 -&gt; 235 -&gt; 345 -&gt; 124 -&gt;   Toplam : 1485
215 -&gt; 124 -&gt; 442 -&gt; 235 -&gt; 345 -&gt; 124 -&gt;   Toplam : 1485
215 -&gt; 124 -&gt; 442 -&gt; 235 -&gt; 345 -&gt; 124 -&gt;   Toplam : 1485
215 -&gt; 124 -&gt; 442 -&gt; 235 -&gt; 345 -&gt; 124 -&gt;   Toplam : 1485
215 -&gt; 124 -&gt; 442 -&gt; 235 -&gt; 345 -&gt; 124 -&gt;   Toplam : 1485
215 -&gt; 124 -&gt; 442 -&gt; 235 -&gt; 345 -&gt; 124 -&gt;   Toplam : 1485
215 -&gt; 124 -&gt; 442 -&gt; 235 -&gt; 345 -&gt; 124 -&gt;   Toplam : 1485
215 -&gt; 124 -&gt; 442 -&gt; 235 -&gt; 345 -&gt; 124 -&gt;   Toplam : 1485
215 -&gt; 124 -&gt; 442 -&gt; 235 -&gt; 345 -&gt; 124 -&gt;   Toplam : 1485
215 -&gt; 124 -&gt; 442 -&gt; 235 -&gt; 345 -&gt; 124 -&gt;   Toplam : 1485
215 -&gt; 124 -&gt; 442 -&gt; 235 -&gt; 345 -&gt; 124 -&gt;   Toplam : 1485
215 -&gt; 124 -&gt; 442 -&gt; 235 -&gt; 345 -&gt; 124 -&gt;   Toplam : 1485
215 -&gt; 124 -&gt; 442 -&gt; 235 -&gt; 345 -&gt; 124 -&gt;   Toplam : 1485
215 -&gt; 124 -&gt; 442 -&gt; 235 -&gt; 345 -&gt; 124 -&gt;   Toplam : 1485
215 -&gt; 124 -&gt; 442 -&gt; 235 -&gt; 345 -&gt; 124 -&gt;   Toplam : 1485
215 -&gt; 124 -&gt; 442 -&gt; 235 -&gt; 345 -&gt; 124 -&gt;   Toplam : 1485
215 -&gt; 124 -&gt; 442 -&gt; 235 -&gt; 345 -&gt; 124 -&gt;   Toplam : 1485
215 -&gt; 124 -&gt; 442 -&gt; 235 -&gt; 345 -&gt; 124 -&gt;   Toplam : 1485
215 -&gt; 124 -&gt; 442 -&gt; 235 -&gt; 345 -&gt; 124 -&gt;   Toplam : 1485
215 -&gt; 124 -&gt; 442 -&gt; 235 -&gt; 345 -&gt; 124 -&gt;   Toplam : 1485
215 -&gt; 124 -&gt; 442 -&gt; 235 -&gt; 345 -&gt; 124 -&gt;   Toplam : 1485
215 -&gt; 124 -&gt; 442 -&gt; 235 -&gt; 345 -&gt; 124 -&gt;   Toplam : 1485
215 -&gt; 124 -&gt; 442 -&gt; 235 -&gt; 345 -&gt; 124 -&gt;   Toplam : 1485
215 -&gt; 124 -&gt; 442 -&gt; 235 -&gt; 345 -&gt; 124 -&gt;   Toplam : 1485
215 -&gt; 124 -&gt; 442 -&gt; 235 -&gt; 345 -&gt; 124 -&gt;   Toplam : 1485
215 -&gt; 124 -&gt; 442 -&gt; 235 -&gt; 345 -&gt; 124 -&gt;   Toplam : 1485
215 -&gt; 124 -&gt; 442 -&gt; 235 -&gt; 345 -&gt; 124 -&gt;   Toplam : 1485
215 -&gt; 124 -&gt; 442 -&gt; 235 -&gt; 345 -&gt; 124 -&gt;   Toplam : 1485
215 -&gt; 124 -&gt; 442 -&gt; 235 -&gt; 345 -&gt; 124 -&gt;   Toplam : 1485
215 -&gt; 124 -&gt; 442 -&gt; 235 -&gt; 345 -&gt; 124 -&gt;   Toplam : 1485
215 -&gt; 124 -&gt; 442 -&gt; 235 -&gt; 345 -&gt; 124 -&gt;   Toplam : 1485
215 -&gt; 124 -&gt; 442 -&gt; 235 -&gt; 345 -&gt; 124 -&gt;   Toplam : 1485
215 -&gt; 124 -&gt; 442 -&gt; 235 -&gt; 345 -&gt; 124 -&gt;   Toplam : 1485
215 -&gt; 124 -&gt; 442 -&gt; 235 -&gt; 345 -&gt; 124 -&gt;   Toplam : 1485
215 -&gt; 124 -&gt; 442 -&gt; 235 -&gt; 345 -&gt; 124 -&gt;   Toplam : 1485
215 -&gt; 124 -&gt; 442 -&gt; 235 -&gt; 345 -&gt; 124 -&gt;   Toplam : 1485
215 -&gt; 124 -&gt; 442 -&gt; 235 -&gt; 345 -&gt; 124 -&gt;   Toplam : 1485
215 -&gt; 124 -&gt; 442 -&gt; 235 -&gt; 345 -&gt; 124 -&gt;   Toplam : 1485
215 -&gt; 124 -&gt; 442 -&gt; 235 -&gt; 345 -&gt; 124 -&gt;   Toplam : 1485
215 -&gt; 124 -&gt; 442 -&gt; 235 -&gt; 345 -&gt; 124 -&gt;   Toplam : 1485
215 -&gt; 124 -&gt; 442 -&gt; 235 -&gt; 345 -&gt; 124 -&gt;   Toplam : 1485
215 -&gt; 124 -&gt; 442 -&gt; 235 -&gt; 345 -&gt; 124 -&gt;   Toplam : 1485
215 -&gt; 124 -&gt; 442 -&gt; 235 -&gt; 345 -&gt; 124 -&gt;   Toplam : 1485
215 -&gt; 124 -&gt; 442 -&gt; 235 -&gt; 345 -&gt; 124 -&gt;   Toplam : 1485
215 -&gt; 124 -&gt; 442 -&gt; 235 -&gt; 345 -&gt; 124 -&gt;   Toplam : 1485
215 -&gt; 124 -&gt; 442 -&gt; 235 -&gt; 345 -&gt; 124 -&gt;   Toplam : 1485
215 -&gt; 124 -&gt; 442 -&gt; 235 -&gt; 345 -&gt; 124 -&gt;   Toplam : 1485
215 -&gt; 124 -&gt; 442 -&gt; 235 -&gt; 345 -&gt; 124 -&gt;   Toplam : 1485
215 -&gt; 124 -&gt; 442 -&gt; 235 -&gt; 345 -&gt; 124 -&gt;   Toplam : 1485
215 -&gt; 124 -&gt; 442 -&gt; 235 -&gt; 345 -&gt; 124 -&gt;   Toplam : 1485
215 -&gt; 124 -&gt; 442 -&gt; 235 -&gt; 345 -&gt; 124 -&gt;   Toplam : 1485
215 -&gt; 124 -&gt; 442 -&gt; 235 -&gt; 345 -&gt; 124 -&gt;   Toplam : 1485
215 -&gt; 124 -&gt; 442 -&gt; 235 -&gt; 345 -&gt; 124 -&gt;   Toplam : 1485
215 -&gt; 124 -&gt; 442 -&gt; 235 -&gt; 345 -&gt; 124 -&gt;   Toplam : 1485
215 -&gt; 124 -&gt; 442 -&gt; 235 -&gt; 345 -&gt; 124 -&gt;   Toplam : 1485
215 -&gt; 124 -&gt; 442 -&gt; 235 -&gt; 345 -&gt; 124 -&gt;   Toplam : 1485
215 -&gt; 124 -&gt; 442 -&gt; 235 -&gt; 345 -&gt; 124 -&gt;   Toplam : 1485
215 -&gt; 124 -&gt; 442 -&gt; 235 -&gt; 345 -&gt; 124 -&gt;   Toplam : 1485
215 -&gt; 124 -&gt; 442 -&gt; 235 -&gt; 345 -&gt; 124 -&gt;   Toplam : 1485
215 -&gt; 124 -&gt; 442 -&gt; 235 -&gt; 345 -&gt; 124 -&gt;   Toplam : 1485
215 -&gt; 124 -&gt; 442 -&gt; 235 -&gt; 345 -&gt; 124 -&gt;   Toplam : 1485
215 -&gt; 124 -&gt; 442 -&gt; 235 -&gt; 345 -&gt; 124 -&gt;   Toplam : 1485
215 -&gt; 124 -&gt; 442 -&gt; 235 -&gt; 345 -&gt; 124 -&gt;   Toplam : 1485
215 -&gt; 124 -&gt; 442 -&gt; 235 -&gt; 345 -&gt; 124 -&gt;   Toplam : 1485
215 -&gt; 124 -&gt; 442 -&gt; 235 -&gt; 345 -&gt; 124 -&gt;   Toplam : 1485
215 -&gt; 124 -&gt; 442 -&gt; 235 -&gt; 345 -&gt; 124 -&gt;   Toplam : 1485
215 -&gt; 124 -&gt; 442 -&gt; 235 -&gt; 345 -&gt; 124 -&gt;   Toplam : 1485
215 -&gt; 124 -&gt; 442 -&gt; 235 -&gt; 345 -&gt; 124 -&gt;   Toplam : 1485
215 -&gt; 124 -&gt; 442 -&gt; 235 -&gt; 345 -&gt; 124 -&gt;   Toplam : 1485
215 -&gt; 124 -&gt; 442 -&gt; 235 -&gt; 345 -&gt; 124 -&gt;   Toplam : 1485
215 -&gt; 124 -&gt; 442 -&gt; 235 -&gt; 345 -&gt; 124 -&gt;   Toplam : 1485
215 -&gt; 124 -&gt; 442 -&gt; 235 -&gt; 345 -&gt; 124 -&gt;   Toplam : 1485
215 -&gt; 124 -&gt; 442 -&gt; 235 -&gt; 345 -&gt; 124 -&gt;   Toplam : 1485
215 -&gt; 124 -&gt; 442 -&gt; 235 -&gt; 345 -&gt; 124 -&gt;   Toplam : 1485
215 -&gt; 124 -&gt; 442 -&gt; 235 -&gt; 345 -&gt; 124 -&gt;   Toplam : 1485
215 -&gt; 124 -&gt; 442 -&gt; 235 -&gt; 345 -&gt; 124 -&gt;   Toplam : 1485
215 -&gt; 124 -&gt; 442 -&gt; 235 -&gt; 345 -&gt; 124 -&gt;   Toplam : 1485
215 -&gt; 124 -&gt; 442 -&gt; 235 -&gt; 345 -&gt; 124 -&gt;   Toplam : 1485
215 -&gt; 124 -&gt; 442 -&gt; 235 -&gt; 345 -&gt; 124 -&gt;   Toplam : 1485
215 -&gt; 124 -&gt; 442 -&gt; 235 -&gt; 345 -&gt; 124 -&gt;   Toplam : 1485
215 -&gt; 124 -&gt; 442 -&gt; 235 -&gt; 345 -&gt; 124 -&gt;   Toplam : 1485
215 -&gt; 124 -&gt; 442 -&gt; 235 -&gt; 345 -&gt; 124 -&gt;   Toplam : 1485
215 -&gt; 124 -&gt; 442 -&gt; 235 -&gt; 345 -&gt; 124 -&gt;   Toplam : 1485
215 -&gt; 124 -&gt; 442 -&gt; 235 -&gt; 345 -&gt; 124 -&gt;   Toplam : 1485
215 -&gt; 124 -&gt; 442 -&gt; 235 -&gt; 345 -&gt; 124 -&gt;   Toplam : 1485
215 -&gt; 124 -&gt; 442 -&gt; 235 -&gt; 345 -&gt; 124 -&gt;   Toplam : 1485
215 -&gt; 124 -&gt; 442 -&gt; 235 -&gt; 345 -&gt; 124 -&gt;   Toplam : 1485
215 -&gt; 124 -&gt; 442 -&gt; 235 -&gt; 345 -&gt; 124 -&gt;   Toplam : 1485
215 -&gt; 124 -&gt; 442 -&gt; 235 -&gt; 345 -&gt; 124 -&gt;   Toplam : 1485
215 -&gt; 124 -&gt; 442 -&gt; 235 -&gt; 345 -&gt; 124 -&gt;   Toplam : 1485
215 -&gt; 124 -&gt; 442 -&gt; 235 -&gt; 345 -&gt; 124 -&gt;   Toplam : 1485
215 -&gt; 124 -&gt; 442 -&gt; 235 -&gt; 345 -&gt; 124 -&gt;   Toplam : 1485
215 -&gt; 124 -&gt; 442 -&gt; 235 -&gt; 345 -&gt; 124 -&gt;   Toplam : 1485
215 -&gt; 124 -&gt; 442 -&gt; 235 -&gt; 345 -&gt; 124 -&gt;   Toplam : 1485
215 -&gt; 124 -&gt; 442 -&gt; 235 -&gt; 345 -&gt; 124 -&gt;   Toplam : 1485
215 -&gt; 124 -&gt; 442 -&gt; 235 -&gt; 345 -&gt; 124 -&gt;   Toplam : 1485
215 -&gt; 124 -&gt; 442 -&gt; 235 -&gt; 345 -&gt; 124 -&gt;   Toplam : 1485
215 -&gt; 124 -&gt; 442 -&gt; 235 -&gt; 345 -&gt; 124 -&gt;   Toplam : 1485
215 -&gt; 124 -&gt; 442 -&gt; 235 -&gt; 345 -&gt; 124 -&gt;   Toplam : 1485
215 -&gt; 124 -&gt; 442 -&gt; 235 -&gt; 345 -&gt; 124 -&gt;   Toplam : 1485
215 -&gt; 124 -&gt; 442 -&gt; 235 -&gt; 345 -&gt; 124 -&gt;   Toplam : 1485
215 -&gt; 124 -&gt; 442 -&gt; 235 -&gt; 345 -&gt; 124 -&gt;   Toplam : 1485
215 -&gt; 124 -&gt; 442 -&gt; 235 -&gt; 345 -&gt; 124 -&gt;   Toplam : 1485
215 -&gt; 124 -&gt; 442 -&gt; 235 -&gt; 345 -&gt; 124 -&gt;   Toplam : 1485
215 -&gt; 124 -&gt; 442 -&gt; 235 -&gt; 345 -&gt; 124 -&gt;   Toplam : 1485
215 -&gt; 124 -&gt; 442 -&gt; 235 -&gt; 345 -&gt; 124 -&gt;   Toplam : 1485
215 -&gt; 124 -&gt; 442 -&gt; 235 -&gt; 345 -&gt; 124 -&gt;   Toplam : 1485
215 -&gt; 124 -&gt; 442 -&gt; 235 -&gt; 345 -&gt; 124 -&gt;   Toplam : 1485
215 -&gt; 124 -&gt; 442 -&gt; 235 -&gt; 345 -&gt; 124 -&gt;   Toplam : 1485
215 -&gt; 124 -&gt; 442 -&gt; 235 -&gt; 345 -&gt; 124 -&gt;   Toplam : 1485
215 -&gt; 124 -&gt; 442 -&gt; 235 -&gt; 345 -&gt; 124 -&gt;   Toplam : 1485
215 -&gt; 124 -&gt; 442 -&gt; 235 -&gt; 345 -&gt; 124 -&gt;   Toplam : 1485
215 -&gt; 124 -&gt; 442 -&gt; 235 -&gt; 345 -&gt; 124 -&gt;   Toplam : 1485
215 -&gt; 124 -&gt; 442 -&gt; 235 -&gt; 345 -&gt; 124 -&gt;   Toplam : 1485
215 -&gt; 124 -&gt; 442 -&gt; 235 -&gt; 345 -&gt; 124 -&gt;   Toplam : 1485
215 -&gt; 124 -&gt; 442 -&gt; 235 -&gt; 345 -&gt; 124 -&gt;   Toplam : 1485
215 -&gt; 124 -&gt; 442 -&gt; 235 -&gt; 345 -&gt; 124 -&gt;   Toplam : 1485
215 -&gt; 124 -&gt; 442 -&gt; 235 -&gt; 345 -&gt; 124 -&gt;   Toplam : 1485
215 -&gt; 124 -&gt; 442 -&gt; 235 -&gt; 345 -&gt; 124 -&gt;   Toplam : 1485
215 -&gt; 124 -&gt; 442 -&gt; 235 -&gt; 345 -&gt; 124 -&gt;   Toplam : 1485
215 -&gt; 124 -&gt; 442 -&gt; 235 -&gt; 345 -&gt; 124 -&gt;   Toplam : 1485
215 -&gt; 124 -&gt; 442 -&gt; 235 -&gt; 345 -&gt; 124 -&gt;   Toplam : 1485
215 -&gt; 124 -&gt; 442 -&gt; 235 -&gt; 345 -&gt; 124 -&gt;   Toplam : 1485
215 -&gt; 124 -&gt; 442 -&gt; 235 -&gt; 345 -&gt; 124 -&gt;   Toplam : 1485
215 -&gt; 124 -&gt; 442 -&gt; 235 -&gt; 345 -&gt; 124 -&gt;   Toplam : 1485
215 -&gt; 124 -&gt; 442 -&gt; 235 -&gt; 345 -&gt; 124 -&gt;   Toplam : 1485
215 -&gt; 124 -&gt; 442 -&gt; 235 -&gt; 345 -&gt; 124 -&gt;   Toplam : 1485
215 -&gt; 124 -&gt; 442 -&gt; 235 -&gt; 345 -&gt; 124 -&gt;   Toplam : 1485
215 -&gt; 124 -&gt; 442 -&gt; 235 -&gt; 345 -&gt; 124 -&gt;   Toplam : 1485
215 -&gt; 124 -&gt; 442 -&gt; 235 -&gt; 345 -&gt; 124 -&gt;   Toplam : 1485
215 -&gt; 124 -&gt; 442 -&gt; 235 -&gt; 345 -&gt; 124 -&gt;   Toplam : 1485
215 -&gt; 124 -&gt; 442 -&gt; 235 -&gt; 345 -&gt; 124 -&gt;   Toplam : 1485
215 -&gt; 124 -&gt; 442 -&gt; 235 -&gt; 345 -&gt; 124 -&gt;   Toplam : 1485
215 -&gt; 124 -&gt; 442 -&gt; 235 -&gt; 345 -&gt; 124 -&gt;   Toplam : 1485
215 -&gt; 124 -&gt; 442 -&gt; 235 -&gt; 345 -&gt; 124 -&gt;   Toplam : 1485
215 -&gt; 124 -&gt; 442 -&gt; 235 -&gt; 345 -&gt; 124 -&gt;   Toplam : 1485
215 -&gt; 124 -&gt; 442 -&gt; 235 -&gt; 345 -&gt; 124 -&gt;   Toplam : 1485
215 -&gt; 124 -&gt; 442 -&gt; 235 -&gt; 345 -&gt; 124 -&gt;   Toplam : 1485
215 -&gt; 124 -&gt; 442 -&gt; 235 -&gt; 345 -&gt; 124 -&gt;   Toplam : 1485
215 -&gt; 124 -&gt; 442 -&gt; 235 -&gt; 345 -&gt; 124 -&gt;   Toplam : 1485
215 -&gt; 124 -&gt; 442 -&gt; 235 -&gt; 345 -&gt; 124 -&gt;   Toplam : 1485
215 -&gt; 124 -&gt; 442 -&gt; 235 -&gt; 345 -&gt; 124 -&gt;   Toplam : 1485
215 -&gt; 124 -&gt; 442 -&gt; 235 -&gt; 345 -&gt; 124 -&gt;   Toplam : 1485
215 -&gt; 124 -&gt; 442 -&gt; 235 -&gt; 345 -&gt; 124 -&gt;   Toplam : 1485
215 -&gt; 124 -&gt; 442 -&gt; 235 -&gt; 345 -&gt; 124 -&gt;   Toplam : 1485
215 -&gt; 124 -&gt; 442 -&gt; 235 -&gt; 345 -&gt; 124 -&gt;   Toplam : 1485
215 -&gt; 124 -&gt; 442 -&gt; 235 -&gt; 345 -&gt; 124 -&gt;   Toplam : 1485
215 -&gt; 124 -&gt; 442 -&gt; 235 -&gt; 345 -&gt; 124 -&gt;   Toplam : 1485
215 -&gt; 124 -&gt; 442 -&gt; 235 -&gt; 345 -&gt; 124 -&gt;   Toplam : 1485
215 -&gt; 124 -&gt; 442 -&gt; 235 -&gt; 345 -&gt; 124 -&gt;   Toplam : 1485
215 -&gt; 124 -&gt; 442 -&gt; 235 -&gt; 345 -&gt; 124 -&gt;   Toplam : 1485
215 -&gt; 124 -&gt; 442 -&gt; 235 -&gt; 345 -&gt; 124 -&gt;   Toplam : 1485
215 -&gt; 124 -&gt; 442 -&gt; 235 -&gt; 345 -&gt; 124 -&gt;   Toplam : 1485
215 -&gt; 124 -&gt; 442 -&gt; 235 -&gt; 345 -&gt; 124 -&gt;   Toplam : 1485
215 -&gt; 124 -&gt; 442 -&gt; 235 -&gt; 345 -&gt; 124 -&gt;   Toplam : 1485
215 -&gt; 124 -&gt; 442 -&gt; 235 -&gt; 345 -&gt; 124 -&gt;   Toplam : 1485
215 -&gt; 124 -&gt; 442 -&gt; 235 -&gt; 345 -&gt; 124 -&gt;   Toplam : 1485
215 -&gt; 124 -&gt; 442 -&gt; 235 -&gt; 345 -&gt; 124 -&gt;   Toplam : 1485
215 -&gt; 124 -&gt; 442 -&gt; 235 -&gt; 345 -&gt; 124 -&gt;   Toplam : 1485
215 -&gt; 124 -&gt; 442 -&gt; 235 -&gt; 345 -&gt; 124 -&gt;   Toplam : 1485
215 -&gt; 124 -&gt; 442 -&gt; 235 -&gt; 345 -&gt; 124 -&gt;   Toplam : 1485
215 -&gt; 124 -&gt; 442 -&gt; 235 -&gt; 345 -&gt; 124 -&gt;   Toplam : 1485
215 -&gt; 124 -&gt; 442 -&gt; 235 -&gt; 345 -&gt; 124 -&gt;   Toplam : 1485
215 -&gt; 124 -&gt; 442 -&gt; 235 -&gt; 345 -&gt; 124 -&gt;   Toplam : 1485
215 -&gt; 124 -&gt; 442 -&gt; 235 -&gt; 345 -&gt; 124 -&gt;   Toplam : 1485
215 -&gt; 124 -&gt; 442 -&gt; 235 -&gt; 345 -&gt; 124 -&gt;   Toplam : 1485
215 -&gt; 124 -&gt; 442 -&gt; 235 -&gt; 345 -&gt; 124 -&gt;   Toplam : 1485
215 -&gt; 124 -&gt; 442 -&gt; 235 -&gt; 345 -&gt; 124 -&gt;   Toplam : 1485
215 -&gt; 124 -&gt; 442 -&gt; 235 -&gt; 345 -&gt; 124 -&gt;   Toplam : 1485
215 -&gt; 124 -&gt; 442 -&gt; 235 -&gt; 345 -&gt; 124 -&gt;   Toplam : 1485
215 -&gt; 124 -&gt; 442 -&gt; 235 -&gt; 345 -&gt; 124 -&gt;   Toplam : 1485
215 -&gt; 124 -&gt; 442 -&gt; 235 -&gt; 345 -&gt; 124 -&gt;   Toplam : 1485
215 -&gt; 124 -&gt; 442 -&gt; 235 -&gt; 345 -&gt; 124 -&gt;   Toplam : 1485
215 -&gt; 124 -&gt; 442 -&gt; 235 -&gt; 345 -&gt; 124 -&gt;   Toplam : 1485
215 -&gt; 124 -&gt; 442 -&gt; 235 -&gt; 345 -&gt; 124 -&gt;   Toplam : 1485
215 -&gt; 124 -&gt; 442 -&gt; 235 -&gt; 345 -&gt; 124 -&gt;   Toplam : 1485
215 -&gt; 124 -&gt; 442 -&gt; 235 -&gt; 345 -&gt; 124 -&gt;   Toplam : 1485
215 -&gt; 124 -&gt; 442 -&gt; 235 -&gt; 345 -&gt; 124 -&gt;   Toplam : 1485
215 -&gt; 124 -&gt; 442 -&gt; 235 -&gt; 345 -&gt; 124 -&gt;   Toplam : 1485
215 -&gt; 124 -&gt; 442 -&gt; 235 -&gt; 345 -&gt; 124 -&gt;   Toplam : 1485
215 -&gt; 124 -&gt; 442 -&gt; 235 -&gt; 345 -&gt; 124 -&gt;   Toplam : 1485
215 -&gt; 124 -&gt; 442 -&gt; 235 -&gt; 345 -&gt; 124 -&gt;   Toplam : 1485
215 -&gt; 124 -&gt; 442 -&gt; 235 -&gt; 345 -&gt; 124 -&gt;   Toplam : 1485
215 -&gt; 124 -&gt; 442 -&gt; 235 -&gt; 345 -&gt; 124 -&gt;   Toplam : 1485
215 -&gt; 124 -&gt; 442 -&gt; 235 -&gt; 345 -&gt; 124 -&gt;   Toplam : 1485
215 -&gt; 124 -&gt; 442 -&gt; 235 -&gt; 345 -&gt; 124 -&gt;   Toplam : 1485
215 -&gt; 124 -&gt; 442 -&gt; 235 -&gt; 345 -&gt; 124 -&gt;   Toplam : 1485
215 -&gt; 124 -&gt; 442 -&gt; 235 -&gt; 345 -&gt; 124 -&gt;   Toplam : 1485
215 -&gt; 124 -&gt; 442 -&gt; 235 -&gt; 345 -&gt; 124 -&gt;   Toplam : 1485
215 -&gt; 124 -&gt; 442 -&gt; 235 -&gt; 345 -&gt; 124 -&gt;   Toplam : 1485
215 -&gt; 124 -&gt; 442 -&gt; 235 -&gt; 345 -&gt; 124 -&gt;   Toplam : 1485
215 -&gt; 124 -&gt; 442 -&gt; 235 -&gt; 345 -&gt; 124 -&gt;   Toplam : 1485
215 -&gt; 124 -&gt; 442 -&gt; 235 -&gt; 345 -&gt; 124 -&gt;   Toplam : 1485
215 -&gt; 124 -&gt; 442 -&gt; 235 -&gt; 345 -&gt; 124 -&gt;   Toplam : 1485
215 -&gt; 124 -&gt; 442 -&gt; 235 -&gt; 345 -&gt; 124 -&gt;   Toplam : 1485
215 -&gt; 124 -&gt; 442 -&gt; 235 -&gt; 345 -&gt; 124 -&gt;   Toplam : 1485
215 -&gt; 124 -&gt; 442 -&gt; 235 -&gt; 345 -&gt; 124 -&gt;   Toplam : 1485
215 -&gt; 124 -&gt; 442 -&gt; 235 -&gt; 345 -&gt; 124 -&gt;   Toplam : 1485
215 -&gt; 124 -&gt; 442 -&gt; 235 -&gt; 345 -&gt; 124 -&gt;   Toplam : 1485
215 -&gt; 124 -&gt; 442 -&gt; 235 -&gt; 345 -&gt; 124 -&gt;   Toplam : 1485
215 -&gt; 124 -&gt; 442 -&gt; 235 -&gt; 345 -&gt; 124 -&gt;   Toplam : 1485
215 -&gt; 124 -&gt; 442 -&gt; 235 -&gt; 345 -&gt; 124 -&gt;   Toplam : 1485
215 -&gt; 124 -&gt; 442 -&gt; 235 -&gt; 345 -&gt; 124 -&gt;   Toplam : 1485
215 -&gt; 124 -&gt; 442 -&gt; 235 -&gt; 345 -&gt; 124 -&gt;   Toplam : 1485
215 -&gt; 124 -&gt; 442 -&gt; 235 -&gt; 345 -&gt; 124 -&gt;   Toplam : 1485
215 -&gt; 124 -&gt; 442 -&gt; 235 -&gt; 345 -&gt; 124 -&gt;   Toplam : 1485
215 -&gt; 124 -&gt; 442 -&gt; 235 -&gt; 345 -&gt; 124 -&gt;   Toplam : 1485
215 -&gt; 124 -&gt; 442 -&gt; 235 -&gt; 345 -&gt; 124 -&gt;   Toplam : 1485
215 -&gt; 124 -&gt; 442 -&gt; 235 -&gt; 345 -&gt; 124 -&gt;   Toplam : 1485
215 -&gt; 124 -&gt; 442 -&gt; 235 -&gt; 345 -&gt; 124 -&gt;   Toplam : 1485
215 -&gt; 124 -&gt; 442 -&gt; 235 -&gt; 345 -&gt; 124 -&gt;   Toplam : 1485
215 -&gt; 124 -&gt; 442 -&gt; 235 -&gt; 345 -&gt; 124 -&gt;   Toplam : 1485
215 -&gt; 124 -&gt; 442 -&gt; 235 -&gt; 345 -&gt; 124 -&gt;   Toplam : 1485
215 -&gt; 124 -&gt; 442 -&gt; 235 -&gt; 345 -&gt; 124 -&gt;   Toplam : 1485
215 -&gt; 124 -&gt; 442 -&gt; 235 -&gt; 345 -&gt; 124 -&gt;   Toplam : 1485
215 -&gt; 124 -&gt; 442 -&gt; 235 -&gt; 345 -&gt; 124 -&gt;   Toplam : 1485
215 -&gt; 124 -&gt; 442 -&gt; 235 -&gt; 345 -&gt; 124 -&gt;   Toplam : 1485
215 -&gt; 124 -&gt; 442 -&gt; 235 -&gt; 345 -&gt; 124 -&gt;   Toplam : 1485
215 -&gt; 124 -&gt; 442 -&gt; 235 -&gt; 345 -&gt; 124 -&gt;   Toplam : 1485
215 -&gt; 124 -&gt; 442 -&gt; 235 -&gt; 345 -&gt; 124 -&gt;   Toplam : 1485
215 -&gt; 124 -&gt; 442 -&gt; 235 -&gt; 345 -&gt; 124 -&gt;   Toplam : 1485
215 -&gt; 124 -&gt; 442 -&gt; 235 -&gt; 345 -&gt; 124 -&gt;   Toplam : 1485
215 -&gt; 124 -&gt; 442 -&gt; 235 -&gt; 345 -&gt; 124 -&gt;   Toplam : 1485
215 -&gt; 124 -&gt; 442 -&gt; 235 -&gt; 345 -&gt; 124 -&gt;   Toplam : 1485
215 -&gt; 124 -&gt; 442 -&gt; 235 -&gt; 345 -&gt; 124 -&gt;   Toplam : 1485
215 -&gt; 124 -&gt; 442 -&gt; 235 -&gt; 345 -&gt; 124 -&gt;   Toplam : 1485
215 -&gt; 124 -&gt; 442 -&gt; 235 -&gt; 345 -&gt; 124 -&gt;   Toplam : 1485
215 -&gt; 124 -&gt; 442 -&gt; 235 -&gt; 345 -&gt; 124 -&gt;   Toplam : 1485
215 -&gt; 124 -&gt; 442 -&gt; 235 -&gt; 345 -&gt; 124 -&gt;   Toplam : 1485
215 -&gt; 124 -&gt; 442 -&gt; 235 -&gt; 345 -&gt; 124 -&gt;   Toplam : 1485
215 -&gt; 124 -&gt; 442 -&gt; 235 -&gt; 345 -&gt; 124 -&gt;   Toplam : 1485
215 -&gt; 124 -&gt; 442 -&gt; 235 -&gt; 345 -&gt; 124 -&gt;   Toplam : 1485
215 -&gt; 124 -&gt; 442 -&gt; 235 -&gt; 345 -&gt; 124 -&gt;   Toplam : 1485
215 -&gt; 124 -&gt; 442 -&gt; 235 -&gt; 345 -&gt; 124 -&gt;   Toplam : 1485
215 -&gt; 124 -&gt; 442 -&gt; 235 -&gt; 345 -&gt; 124 -&gt;   Toplam : 1485
215 -&gt; 124 -&gt; 442 -&gt; 235 -&gt; 345 -&gt; 124 -&gt;   Toplam : 1485
215 -&gt; 124 -&gt; 442 -&gt; 235 -&gt; 345 -&gt; 124 -&gt;   Toplam : 1485
215 -&gt; 124 -&gt; 442 -&gt; 235 -&gt; 345 -&gt; 124 -&gt;   Toplam : 1485
215 -&gt; 124 -&gt; 442 -&gt; 235 -&gt; 345 -&gt; 124 -&gt;   Toplam : 1485
215 -&gt; 124 -&gt; 442 -&gt; 235 -&gt; 345 -&gt; 124 -&gt;   Toplam : 1485
7433
7468
7871
7986
8071
8186
max toplam: 8186
</system-out>
  </testcase>
</testsuite>