<?xml version="1.0" encoding="UTF-8" ?>
<testsuite tests="4" failures="0" name="com.pi.PyramidServiceTest" time="7.807" errors="0" skipped="0">
  <properties>
[...]
</properties>
  <testcase classname="com.pi.PyramidServiceTest" name="should_return_true" time="0.003"/>
  <testcase classname="com.pi.PyramidServiceTest" name="can_print" time="0.001"/>
  <testcase classname="com.pi.PyramidServiceTest" name="should_return_false" time="0"/>
  <testcase classname="com.pi.PyramidServiceTest" name="should_returns_24" time="7.705"/>
</testsuite>